2021-03-18T20:32:35.794+0000 I CONTROL  [initandlisten] MongoDB starting : pid=1 port=27017 dbpath=/data/db 64-bit host=carts-db
2021-03-18T20:32:35.825+0000 I CONTROL  [initandlisten] db version v3.4.24
2021-03-18T20:32:35.825+0000 I CONTROL  [initandlisten] git version: 865b4f6a96d0f5425e39a18337105f33e8db504d
2021-03-18T20:32:35.825+0000 I CONTROL  [initandlisten] OpenSSL version: OpenSSL 1.0.2g  1 Mar 2016
2021-03-18T20:32:35.825+0000 I CONTROL  [initandlisten] allocator: tcmalloc
2021-03-18T20:32:35.825+0000 I CONTROL  [initandlisten] modules: none
2021-03-18T20:32:35.825+0000 I CONTROL  [initandlisten] build environment:
2021-03-18T20:32:35.825+0000 I CONTROL  [initandlisten]     distmod: ubuntu1604
2021-03-18T20:32:35.825+0000 I CONTROL  [initandlisten]     distarch: x86_64
2021-03-18T20:32:35.825+0000 I CONTROL  [initandlisten]     target_arch: x86_64
2021-03-18T20:32:35.825+0000 I CONTROL  [initandlisten] options: {}
2021-03-18T20:32:35.828+0000 I STORAGE  [initandlisten] 
2021-03-18T20:32:35.828+0000 I STORAGE  [initandlisten] ** WARNING: Using the XFS filesystem is strongly recommended with the WiredTiger storage engine
2021-03-18T20:32:35.828+0000 I STORAGE  [initandlisten] **          See http://dochub.mongodb.org/core/prodnotes-filesystem
2021-03-18T20:32:35.828+0000 I STORAGE  [initandlisten] wiredtiger_open config: create,cache_size=3473M,session_max=20000,eviction=(threads_min=4,threads_max=4),config_base=false,statistics=(fast),log=(enabled=true,archive=true,path=journal,compressor=snappy),file_manager=(close_idle_time=100000),checkpoint=(wait=60,log_size=2GB),statistics_log=(wait=0),verbose=(recovery_progress),
2021-03-18T20:32:35.924+0000 I CONTROL  [initandlisten] 
2021-03-18T20:32:35.924+0000 I CONTROL  [initandlisten] ** WARNING: Access control is not enabled for the database.
2021-03-18T20:32:35.924+0000 I CONTROL  [initandlisten] **          Read and write access to data and configuration is unrestricted.
2021-03-18T20:32:35.924+0000 I CONTROL  [initandlisten] 
2021-03-18T20:32:35.951+0000 I FTDC     [initandlisten] Initializing full-time diagnostic data capture with directory '/data/db/diagnostic.data'
2021-03-18T20:32:35.980+0000 I INDEX    [initandlisten] build index on: admin.system.version properties: { v: 2, key: { version: 1 }, name: "incompatible_with_version_32", ns: "admin.system.version" }
2021-03-18T20:32:35.981+0000 I INDEX    [initandlisten] 	 building index using bulk method; build may temporarily use up to 500 megabytes of RAM
2021-03-18T20:32:35.983+0000 I INDEX    [initandlisten] build index done.  scanned 0 total records. 0 secs
2021-03-18T20:32:35.984+0000 I COMMAND  [initandlisten] setting featureCompatibilityVersion to 3.4
2021-03-18T20:32:35.985+0000 I NETWORK  [thread1] waiting for connections on port 27017
2021-03-18T20:32:47.358+0000 I NETWORK  [thread1] connection accepted from 172.26.0.3:39662 #1 (1 connection now open)
2021-03-18T20:33:12.567+0000 I NETWORK  [thread1] connection accepted from 172.26.0.3:39736 #2 (2 connections now open)
2021-03-18T20:33:31.450+0000 I NETWORK  [thread1] connection accepted from 172.26.0.3:39788 #3 (3 connections now open)
2021-03-18T20:48:54.111+0000 I CONTROL  [signalProcessingThread] got signal 15 (Terminated), will terminate after current cmd ends
2021-03-18T20:48:54.117+0000 I NETWORK  [signalProcessingThread] shutdown: going to close listening sockets...
2021-03-18T20:48:54.117+0000 I NETWORK  [signalProcessingThread] closing listening socket: 7
2021-03-18T20:48:54.117+0000 I NETWORK  [signalProcessingThread] closing listening socket: 8
2021-03-18T20:48:54.117+0000 I NETWORK  [signalProcessingThread] removing socket file: /tmp/mongodb-27017.sock
2021-03-18T20:48:54.117+0000 I NETWORK  [signalProcessingThread] shutdown: going to flush diaglog...
2021-03-18T20:48:54.129+0000 I FTDC     [signalProcessingThread] Shutting down full-time diagnostic data capture
2021-03-18T20:48:54.153+0000 I STORAGE  [signalProcessingThread] WiredTigerKVEngine shutting down
2021-03-18T20:48:54.240+0000 I STORAGE  [signalProcessingThread] shutdown: removing fs lock...
2021-03-18T20:48:54.242+0000 I CONTROL  [signalProcessingThread] now exiting
2021-03-18T20:48:54.242+0000 I CONTROL  [signalProcessingThread] shutting down with code:0
2021-03-18T20:49:41.633+0000 I CONTROL  [initandlisten] MongoDB starting : pid=1 port=27017 dbpath=/data/db 64-bit host=carts-db
2021-03-18T20:49:41.633+0000 I CONTROL  [initandlisten] db version v3.4.24
2021-03-18T20:49:41.633+0000 I CONTROL  [initandlisten] git version: 865b4f6a96d0f5425e39a18337105f33e8db504d
2021-03-18T20:49:41.633+0000 I CONTROL  [initandlisten] OpenSSL version: OpenSSL 1.0.2g  1 Mar 2016
2021-03-18T20:49:41.633+0000 I CONTROL  [initandlisten] allocator: tcmalloc
2021-03-18T20:49:41.633+0000 I CONTROL  [initandlisten] modules: none
2021-03-18T20:49:41.634+0000 I CONTROL  [initandlisten] build environment:
2021-03-18T20:49:41.634+0000 I CONTROL  [initandlisten]     distmod: ubuntu1604
2021-03-18T20:49:41.634+0000 I CONTROL  [initandlisten]     distarch: x86_64
2021-03-18T20:49:41.634+0000 I CONTROL  [initandlisten]     target_arch: x86_64
2021-03-18T20:49:41.634+0000 I CONTROL  [initandlisten] options: {}
2021-03-18T20:49:41.637+0000 I -        [initandlisten] Detected data files in /data/db created by the 'wiredTiger' storage engine, so setting the active storage engine to 'wiredTiger'.
2021-03-18T20:49:41.637+0000 I STORAGE  [initandlisten] 
2021-03-18T20:49:41.637+0000 I STORAGE  [initandlisten] ** WARNING: Using the XFS filesystem is strongly recommended with the WiredTiger storage engine
2021-03-18T20:49:41.637+0000 I STORAGE  [initandlisten] **          See http://dochub.mongodb.org/core/prodnotes-filesystem
2021-03-18T20:49:41.637+0000 I STORAGE  [initandlisten] wiredtiger_open config: create,cache_size=3473M,session_max=20000,eviction=(threads_min=4,threads_max=4),config_base=false,statistics=(fast),log=(enabled=true,archive=true,path=journal,compressor=snappy),file_manager=(close_idle_time=100000),checkpoint=(wait=60,log_size=2GB),statistics_log=(wait=0),verbose=(recovery_progress),
2021-03-18T20:49:41.876+0000 I STORAGE  [initandlisten] WiredTiger message [1616100581:876901][1:0x7fc2c281ad40], txn-recover: Main recovery loop: starting at 1/71808
2021-03-18T20:49:42.055+0000 I STORAGE  [initandlisten] WiredTiger message [1616100582:55008][1:0x7fc2c281ad40], txn-recover: Recovering log 1 through 2
2021-03-18T20:49:42.151+0000 I STORAGE  [initandlisten] WiredTiger message [1616100582:151412][1:0x7fc2c281ad40], txn-recover: Recovering log 2 through 2
2021-03-18T20:49:42.298+0000 I CONTROL  [initandlisten] 
2021-03-18T20:49:42.298+0000 I CONTROL  [initandlisten] ** WARNING: Access control is not enabled for the database.
2021-03-18T20:49:42.298+0000 I CONTROL  [initandlisten] **          Read and write access to data and configuration is unrestricted.
2021-03-18T20:49:42.298+0000 I CONTROL  [initandlisten] 
2021-03-18T20:49:42.302+0000 I FTDC     [initandlisten] Initializing full-time diagnostic data capture with directory '/data/db/diagnostic.data'
2021-03-18T20:49:42.303+0000 I NETWORK  [thread1] waiting for connections on port 27017
2021-03-18T20:49:54.646+0000 I NETWORK  [thread1] connection accepted from 172.26.0.8:51664 #1 (1 connection now open)
2021-03-18T20:50:42.445+0000 I NETWORK  [thread1] connection accepted from 172.26.0.8:51708 #2 (2 connections now open)
2021-03-18T20:50:42.445+0000 I NETWORK  [thread1] connection accepted from 172.26.0.8:51710 #3 (3 connections now open)
2021-03-18T21:08:08.928+0000 I CONTROL  [signalProcessingThread] got signal 15 (Terminated), will terminate after current cmd ends
2021-03-18T21:08:08.971+0000 I NETWORK  [signalProcessingThread] shutdown: going to close listening sockets...
2021-03-18T21:08:08.973+0000 I NETWORK  [signalProcessingThread] closing listening socket: 7
2021-03-18T21:08:08.973+0000 I NETWORK  [signalProcessingThread] closing listening socket: 8
2021-03-18T21:08:08.976+0000 I NETWORK  [signalProcessingThread] removing socket file: /tmp/mongodb-27017.sock
2021-03-18T21:08:08.976+0000 I NETWORK  [signalProcessingThread] shutdown: going to flush diaglog...
2021-03-18T21:08:08.990+0000 I FTDC     [signalProcessingThread] Shutting down full-time diagnostic data capture
2021-03-18T21:08:09.005+0000 I STORAGE  [signalProcessingThread] WiredTigerKVEngine shutting down
2021-03-18T21:08:09.123+0000 I STORAGE  [signalProcessingThread] shutdown: removing fs lock...
2021-03-18T21:08:09.123+0000 I CONTROL  [signalProcessingThread] now exiting
2021-03-18T21:08:09.123+0000 I CONTROL  [signalProcessingThread] shutting down with code:0
2021-03-18T21:09:01.065+0000 I CONTROL  [initandlisten] MongoDB starting : pid=1 port=27017 dbpath=/data/db 64-bit host=carts-db
2021-03-18T21:09:01.066+0000 I CONTROL  [initandlisten] db version v3.4.24
2021-03-18T21:09:01.066+0000 I CONTROL  [initandlisten] git version: 865b4f6a96d0f5425e39a18337105f33e8db504d
2021-03-18T21:09:01.066+0000 I CONTROL  [initandlisten] OpenSSL version: OpenSSL 1.0.2g  1 Mar 2016
2021-03-18T21:09:01.066+0000 I CONTROL  [initandlisten] allocator: tcmalloc
2021-03-18T21:09:01.066+0000 I CONTROL  [initandlisten] modules: none
2021-03-18T21:09:01.066+0000 I CONTROL  [initandlisten] build environment:
2021-03-18T21:09:01.066+0000 I CONTROL  [initandlisten]     distmod: ubuntu1604
2021-03-18T21:09:01.066+0000 I CONTROL  [initandlisten]     distarch: x86_64
2021-03-18T21:09:01.066+0000 I CONTROL  [initandlisten]     target_arch: x86_64
2021-03-18T21:09:01.066+0000 I CONTROL  [initandlisten] options: {}
2021-03-18T21:09:01.070+0000 I -        [initandlisten] Detected data files in /data/db created by the 'wiredTiger' storage engine, so setting the active storage engine to 'wiredTiger'.
2021-03-18T21:09:01.070+0000 I STORAGE  [initandlisten] 
2021-03-18T21:09:01.070+0000 I STORAGE  [initandlisten] ** WARNING: Using the XFS filesystem is strongly recommended with the WiredTiger storage engine
2021-03-18T21:09:01.070+0000 I STORAGE  [initandlisten] **          See http://dochub.mongodb.org/core/prodnotes-filesystem
2021-03-18T21:09:01.070+0000 I STORAGE  [initandlisten] wiredtiger_open config: create,cache_size=3473M,session_max=20000,eviction=(threads_min=4,threads_max=4),config_base=false,statistics=(fast),log=(enabled=true,archive=true,path=journal,compressor=snappy),file_manager=(close_idle_time=100000),checkpoint=(wait=60,log_size=2GB),statistics_log=(wait=0),verbose=(recovery_progress),
2021-03-18T21:09:01.225+0000 I STORAGE  [initandlisten] WiredTiger message [1616101741:225781][1:0x7f4b84fd8d40], txn-recover: Main recovery loop: starting at 2/47744
2021-03-18T21:09:01.313+0000 I STORAGE  [initandlisten] WiredTiger message [1616101741:313875][1:0x7f4b84fd8d40], txn-recover: Recovering log 2 through 3
2021-03-18T21:09:01.375+0000 I STORAGE  [initandlisten] WiredTiger message [1616101741:375936][1:0x7f4b84fd8d40], txn-recover: Recovering log 3 through 3
2021-03-18T21:09:01.460+0000 I CONTROL  [initandlisten] 
2021-03-18T21:09:01.461+0000 I CONTROL  [initandlisten] ** WARNING: Access control is not enabled for the database.
2021-03-18T21:09:01.461+0000 I CONTROL  [initandlisten] **          Read and write access to data and configuration is unrestricted.
2021-03-18T21:09:01.461+0000 I CONTROL  [initandlisten] 
2021-03-18T21:09:01.470+0000 I FTDC     [initandlisten] Initializing full-time diagnostic data capture with directory '/data/db/diagnostic.data'
2021-03-18T21:09:01.470+0000 I NETWORK  [thread1] waiting for connections on port 27017
2021-03-18T21:09:17.912+0000 I NETWORK  [thread1] connection accepted from 172.26.0.7:58136 #1 (1 connection now open)
2021-03-18T21:09:46.147+0000 I NETWORK  [thread1] connection accepted from 172.26.0.7:58192 #2 (2 connections now open)
2021-03-18T21:10:04.260+0000 I NETWORK  [thread1] connection accepted from 172.26.0.7:58232 #3 (3 connections now open)
2021-03-18T21:11:54.672+0000 I CONTROL  [signalProcessingThread] got signal 15 (Terminated), will terminate after current cmd ends
2021-03-18T21:11:54.672+0000 I NETWORK  [signalProcessingThread] shutdown: going to close listening sockets...
2021-03-18T21:11:54.672+0000 I NETWORK  [signalProcessingThread] closing listening socket: 7
2021-03-18T21:11:54.672+0000 I NETWORK  [signalProcessingThread] closing listening socket: 8
2021-03-18T21:11:54.672+0000 I NETWORK  [signalProcessingThread] removing socket file: /tmp/mongodb-27017.sock
2021-03-18T21:11:54.672+0000 I NETWORK  [signalProcessingThread] shutdown: going to flush diaglog...
2021-03-18T21:11:54.672+0000 I FTDC     [signalProcessingThread] Shutting down full-time diagnostic data capture
2021-03-18T21:11:54.675+0000 I STORAGE  [signalProcessingThread] WiredTigerKVEngine shutting down
2021-03-18T21:11:54.818+0000 I STORAGE  [signalProcessingThread] shutdown: removing fs lock...
2021-03-18T21:11:54.818+0000 I CONTROL  [signalProcessingThread] now exiting
2021-03-18T21:11:54.818+0000 I CONTROL  [signalProcessingThread] shutting down with code:0
