2021-06-09 12:25:32.218+0000: 19228: info : libvirt version: 6.0.0, package: 0ubuntu8.9 (Christian Ehrhardt <christian.ehrhardt@canonical.com> Wed, 07 Apr 2021 13:33:46 +0200)
2021-06-09 12:25:32.218+0000: 19228: info : hostname: wally098
2021-06-09 12:25:32.218+0000: 19228: error : dnsmasqCapsRefreshInternal:714 : Cannot check dnsmasq binary /usr/sbin/dnsmasq: No such file or directory
2021-06-09 12:26:00.079+0000: 19214: error : virQEMUCapsCacheLookupDefault:5577 : invalid argument: KVM is not supported by '/usr/bin/qemu-system-alpha' on this host
2021-06-09 12:26:00.080+0000: 19216: error : virQEMUCapsCacheLookupDefault:5577 : invalid argument: KVM is not supported by '/usr/bin/qemu-system-arm' on this host
2021-06-09 12:26:00.081+0000: 19213: error : virQEMUCapsCacheLookupDefault:5577 : invalid argument: KVM is not supported by '/usr/bin/qemu-system-arm' on this host
2021-06-09 12:26:00.083+0000: 19215: error : virQEMUCapsCacheLookupDefault:5577 : invalid argument: KVM is not supported by '/usr/bin/qemu-system-arm' on this host
2021-06-09 12:26:00.084+0000: 19217: error : virQEMUCapsCacheLookupDefault:5577 : invalid argument: KVM is not supported by '/usr/bin/qemu-system-aarch64' on this host
2021-06-09 12:26:00.085+0000: 19214: error : virQEMUCapsCacheLookupDefault:5577 : invalid argument: KVM is not supported by '/usr/bin/qemu-system-cris' on this host
2021-06-09 12:26:00.098+0000: 19214: error : virQEMUCapsCacheLookupDefault:5577 : invalid argument: KVM is not supported by '/usr/bin/qemu-system-lm32' on this host
2021-06-09 12:26:00.099+0000: 19216: error : virQEMUCapsCacheLookupDefault:5577 : invalid argument: KVM is not supported by '/usr/bin/qemu-system-m68k' on this host
2021-06-09 12:26:00.101+0000: 19213: error : virQEMUCapsCacheLookupDefault:5577 : invalid argument: KVM is not supported by '/usr/bin/qemu-system-microblaze' on this host
2021-06-09 12:26:00.102+0000: 19215: error : virQEMUCapsCacheLookupDefault:5577 : invalid argument: KVM is not supported by '/usr/bin/qemu-system-microblazeel' on this host
2021-06-09 12:26:00.104+0000: 19217: error : virQEMUCapsCacheLookupDefault:5577 : invalid argument: KVM is not supported by '/usr/bin/qemu-system-mips' on this host
2021-06-09 12:26:00.105+0000: 19214: error : virQEMUCapsCacheLookupDefault:5577 : invalid argument: KVM is not supported by '/usr/bin/qemu-system-mipsel' on this host
2021-06-09 12:26:00.107+0000: 19216: error : virQEMUCapsCacheLookupDefault:5577 : invalid argument: KVM is not supported by '/usr/bin/qemu-system-mips64' on this host
2021-06-09 12:26:00.108+0000: 19213: error : virQEMUCapsCacheLookupDefault:5577 : invalid argument: KVM is not supported by '/usr/bin/qemu-system-mips64el' on this host
2021-06-09 12:26:00.109+0000: 19215: error : virQEMUCapsCacheLookupDefault:5577 : invalid argument: KVM is not supported by '/usr/bin/qemu-system-ppc' on this host
2021-06-09 12:26:00.111+0000: 19217: error : virQEMUCapsCacheLookupDefault:5577 : invalid argument: KVM is not supported by '/usr/bin/qemu-system-ppc64' on this host
2021-06-09 12:26:00.112+0000: 19214: error : virQEMUCapsCacheLookupDefault:5577 : invalid argument: KVM is not supported by '/usr/bin/qemu-system-ppc64' on this host
2021-06-09 12:26:00.113+0000: 19216: error : virQEMUCapsCacheLookupDefault:5577 : invalid argument: KVM is not supported by '/usr/bin/qemu-system-ppc64' on this host
2021-06-09 12:26:00.115+0000: 19213: error : virQEMUCapsCacheLookupDefault:5577 : invalid argument: KVM is not supported by '/usr/bin/qemu-system-ppc64le' on this host
2021-06-09 12:26:00.116+0000: 19215: error : virQEMUCapsCacheLookupDefault:5577 : invalid argument: KVM is not supported by '/usr/bin/qemu-system-ppc64le' on this host
2021-06-09 12:26:00.118+0000: 19217: error : virQEMUCapsCacheLookupDefault:5577 : invalid argument: KVM is not supported by '/usr/bin/qemu-system-ppc64le' on this host
2021-06-09 12:26:00.119+0000: 19214: error : virQEMUCapsCacheLookupDefault:5577 : invalid argument: KVM is not supported by '/usr/bin/qemu-system-riscv32' on this host
2021-06-09 12:26:00.120+0000: 19216: error : virQEMUCapsCacheLookupDefault:5577 : invalid argument: KVM is not supported by '/usr/bin/qemu-system-riscv64' on this host
2021-06-09 12:26:00.122+0000: 19213: error : virQEMUCapsCacheLookupDefault:5577 : invalid argument: KVM is not supported by '/usr/bin/qemu-system-s390x' on this host
2021-06-09 12:26:00.123+0000: 19215: error : virQEMUCapsCacheLookupDefault:5577 : invalid argument: KVM is not supported by '/usr/bin/qemu-system-sh4' on this host
2021-06-09 12:26:00.124+0000: 19217: error : virQEMUCapsCacheLookupDefault:5577 : invalid argument: KVM is not supported by '/usr/bin/qemu-system-sh4eb' on this host
2021-06-09 12:26:00.126+0000: 19214: error : virQEMUCapsCacheLookupDefault:5577 : invalid argument: KVM is not supported by '/usr/bin/qemu-system-sparc' on this host
2021-06-09 12:26:00.127+0000: 19216: error : virQEMUCapsCacheLookupDefault:5577 : invalid argument: KVM is not supported by '/usr/bin/qemu-system-sparc64' on this host
2021-06-09 12:26:00.129+0000: 19213: error : virQEMUCapsCacheLookupDefault:5577 : invalid argument: KVM is not supported by '/usr/bin/qemu-system-unicore32' on this host
2021-06-09 12:26:00.141+0000: 19213: error : virQEMUCapsCacheLookupDefault:5577 : invalid argument: KVM is not supported by '/usr/bin/qemu-system-xtensa' on this host
2021-06-09 12:26:00.142+0000: 19215: error : virQEMUCapsCacheLookupDefault:5577 : invalid argument: KVM is not supported by '/usr/bin/qemu-system-xtensaeb' on this host
2021-06-14 12:04:47.742+0000: 24431: info : libvirt version: 6.0.0, package: 0ubuntu8.9 (Christian Ehrhardt <christian.ehrhardt@canonical.com> Wed, 07 Apr 2021 13:33:46 +0200)
2021-06-14 12:04:47.742+0000: 24431: info : hostname: wally098
2021-06-14 12:04:47.742+0000: 24431: error : dnsmasqCapsRefreshInternal:714 : Cannot check dnsmasq binary /usr/sbin/dnsmasq: No such file or directory
2021-06-14 12:05:01.871+0000: 24395: error : virNetSocketReadWire:1833 : End of file while reading data: Input/output error
2021-06-14 12:05:05.448+0000: 24416: error : virQEMUCapsCacheLookupDefault:5577 : invalid argument: KVM is not supported by '/usr/bin/qemu-system-alpha' on this host
2021-06-14 12:05:05.449+0000: 24418: error : virQEMUCapsCacheLookupDefault:5577 : invalid argument: KVM is not supported by '/usr/bin/qemu-system-arm' on this host
2021-06-14 12:05:05.451+0000: 24415: error : virQEMUCapsCacheLookupDefault:5577 : invalid argument: KVM is not supported by '/usr/bin/qemu-system-arm' on this host
2021-06-14 12:05:05.452+0000: 24414: error : virQEMUCapsCacheLookupDefault:5577 : invalid argument: KVM is not supported by '/usr/bin/qemu-system-arm' on this host
2021-06-14 12:05:05.454+0000: 24419: error : virQEMUCapsCacheLookupDefault:5577 : invalid argument: KVM is not supported by '/usr/bin/qemu-system-aarch64' on this host
2021-06-14 12:05:05.456+0000: 24416: error : virQEMUCapsCacheLookupDefault:5577 : invalid argument: KVM is not supported by '/usr/bin/qemu-system-cris' on this host
2021-06-14 12:05:05.469+0000: 24416: error : virQEMUCapsCacheLookupDefault:5577 : invalid argument: KVM is not supported by '/usr/bin/qemu-system-lm32' on this host
2021-06-14 12:05:05.470+0000: 24418: error : virQEMUCapsCacheLookupDefault:5577 : invalid argument: KVM is not supported by '/usr/bin/qemu-system-m68k' on this host
2021-06-14 12:05:05.472+0000: 24415: error : virQEMUCapsCacheLookupDefault:5577 : invalid argument: KVM is not supported by '/usr/bin/qemu-system-microblaze' on this host
2021-06-14 12:05:05.473+0000: 24414: error : virQEMUCapsCacheLookupDefault:5577 : invalid argument: KVM is not supported by '/usr/bin/qemu-system-microblazeel' on this host
2021-06-14 12:05:05.475+0000: 24419: error : virQEMUCapsCacheLookupDefault:5577 : invalid argument: KVM is not supported by '/usr/bin/qemu-system-mips' on this host
2021-06-14 12:05:05.476+0000: 24416: error : virQEMUCapsCacheLookupDefault:5577 : invalid argument: KVM is not supported by '/usr/bin/qemu-system-mipsel' on this host
2021-06-14 12:05:05.477+0000: 24418: error : virQEMUCapsCacheLookupDefault:5577 : invalid argument: KVM is not supported by '/usr/bin/qemu-system-mips64' on this host
2021-06-14 12:05:05.479+0000: 24415: error : virQEMUCapsCacheLookupDefault:5577 : invalid argument: KVM is not supported by '/usr/bin/qemu-system-mips64el' on this host
2021-06-14 12:05:05.481+0000: 24414: error : virQEMUCapsCacheLookupDefault:5577 : invalid argument: KVM is not supported by '/usr/bin/qemu-system-ppc' on this host
2021-06-14 12:05:05.482+0000: 24419: error : virQEMUCapsCacheLookupDefault:5577 : invalid argument: KVM is not supported by '/usr/bin/qemu-system-ppc64' on this host
2021-06-14 12:05:05.484+0000: 24416: error : virQEMUCapsCacheLookupDefault:5577 : invalid argument: KVM is not supported by '/usr/bin/qemu-system-ppc64' on this host
2021-06-14 12:05:05.485+0000: 24418: error : virQEMUCapsCacheLookupDefault:5577 : invalid argument: KVM is not supported by '/usr/bin/qemu-system-ppc64' on this host
2021-06-14 12:05:05.486+0000: 24415: error : virQEMUCapsCacheLookupDefault:5577 : invalid argument: KVM is not supported by '/usr/bin/qemu-system-ppc64le' on this host
2021-06-14 12:05:05.487+0000: 24414: error : virQEMUCapsCacheLookupDefault:5577 : invalid argument: KVM is not supported by '/usr/bin/qemu-system-ppc64le' on this host
2021-06-14 12:05:05.489+0000: 24419: error : virQEMUCapsCacheLookupDefault:5577 : invalid argument: KVM is not supported by '/usr/bin/qemu-system-ppc64le' on this host
2021-06-14 12:05:05.490+0000: 24416: error : virQEMUCapsCacheLookupDefault:5577 : invalid argument: KVM is not supported by '/usr/bin/qemu-system-riscv32' on this host
2021-06-14 12:05:05.491+0000: 24418: error : virQEMUCapsCacheLookupDefault:5577 : invalid argument: KVM is not supported by '/usr/bin/qemu-system-riscv64' on this host
2021-06-14 12:05:05.492+0000: 24415: error : virQEMUCapsCacheLookupDefault:5577 : invalid argument: KVM is not supported by '/usr/bin/qemu-system-s390x' on this host
2021-06-14 12:05:05.493+0000: 24414: error : virQEMUCapsCacheLookupDefault:5577 : invalid argument: KVM is not supported by '/usr/bin/qemu-system-sh4' on this host
2021-06-14 12:05:05.495+0000: 24419: error : virQEMUCapsCacheLookupDefault:5577 : invalid argument: KVM is not supported by '/usr/bin/qemu-system-sh4eb' on this host
2021-06-14 12:05:05.496+0000: 24416: error : virQEMUCapsCacheLookupDefault:5577 : invalid argument: KVM is not supported by '/usr/bin/qemu-system-sparc' on this host
2021-06-14 12:05:05.497+0000: 24418: error : virQEMUCapsCacheLookupDefault:5577 : invalid argument: KVM is not supported by '/usr/bin/qemu-system-sparc64' on this host
2021-06-14 12:05:05.498+0000: 24415: error : virQEMUCapsCacheLookupDefault:5577 : invalid argument: KVM is not supported by '/usr/bin/qemu-system-unicore32' on this host
2021-06-14 12:05:05.508+0000: 24415: error : virQEMUCapsCacheLookupDefault:5577 : invalid argument: KVM is not supported by '/usr/bin/qemu-system-xtensa' on this host
2021-06-14 12:05:05.510+0000: 24414: error : virQEMUCapsCacheLookupDefault:5577 : invalid argument: KVM is not supported by '/usr/bin/qemu-system-xtensaeb' on this host
2021-06-14 12:57:24.420+0000: 13165: info : libvirt version: 6.0.0, package: 0ubuntu8.9 (Christian Ehrhardt <christian.ehrhardt@canonical.com> Wed, 07 Apr 2021 13:33:46 +0200)
2021-06-14 12:57:24.420+0000: 13165: info : hostname: wally098
2021-06-14 12:57:24.420+0000: 13165: error : dnsmasqCapsRefreshInternal:714 : Cannot check dnsmasq binary /usr/sbin/dnsmasq: No such file or directory
2021-06-14 12:57:43.248+0000: 13151: error : virQEMUCapsCacheLookupDefault:5577 : invalid argument: KVM is not supported by '/usr/bin/qemu-system-alpha' on this host
2021-06-14 12:57:43.249+0000: 13149: error : virQEMUCapsCacheLookupDefault:5577 : invalid argument: KVM is not supported by '/usr/bin/qemu-system-arm' on this host
2021-06-14 12:57:43.250+0000: 13148: error : virQEMUCapsCacheLookupDefault:5577 : invalid argument: KVM is not supported by '/usr/bin/qemu-system-arm' on this host
2021-06-14 12:57:43.251+0000: 13152: error : virQEMUCapsCacheLookupDefault:5577 : invalid argument: KVM is not supported by '/usr/bin/qemu-system-arm' on this host
2021-06-14 12:57:43.252+0000: 13150: error : virQEMUCapsCacheLookupDefault:5577 : invalid argument: KVM is not supported by '/usr/bin/qemu-system-aarch64' on this host
2021-06-14 12:57:43.253+0000: 13151: error : virQEMUCapsCacheLookupDefault:5577 : invalid argument: KVM is not supported by '/usr/bin/qemu-system-cris' on this host
2021-06-14 12:57:43.263+0000: 13151: error : virQEMUCapsCacheLookupDefault:5577 : invalid argument: KVM is not supported by '/usr/bin/qemu-system-lm32' on this host
2021-06-14 12:57:43.264+0000: 13149: error : virQEMUCapsCacheLookupDefault:5577 : invalid argument: KVM is not supported by '/usr/bin/qemu-system-m68k' on this host
2021-06-14 12:57:43.265+0000: 13148: error : virQEMUCapsCacheLookupDefault:5577 : invalid argument: KVM is not supported by '/usr/bin/qemu-system-microblaze' on this host
2021-06-14 12:57:43.266+0000: 13152: error : virQEMUCapsCacheLookupDefault:5577 : invalid argument: KVM is not supported by '/usr/bin/qemu-system-microblazeel' on this host
2021-06-14 12:57:43.267+0000: 13150: error : virQEMUCapsCacheLookupDefault:5577 : invalid argument: KVM is not supported by '/usr/bin/qemu-system-mips' on this host
2021-06-14 12:57:43.269+0000: 13151: error : virQEMUCapsCacheLookupDefault:5577 : invalid argument: KVM is not supported by '/usr/bin/qemu-system-mipsel' on this host
2021-06-14 12:57:43.270+0000: 13149: error : virQEMUCapsCacheLookupDefault:5577 : invalid argument: KVM is not supported by '/usr/bin/qemu-system-mips64' on this host
2021-06-14 12:57:43.271+0000: 13148: error : virQEMUCapsCacheLookupDefault:5577 : invalid argument: KVM is not supported by '/usr/bin/qemu-system-mips64el' on this host
2021-06-14 12:57:43.272+0000: 13152: error : virQEMUCapsCacheLookupDefault:5577 : invalid argument: KVM is not supported by '/usr/bin/qemu-system-ppc' on this host
2021-06-14 12:57:43.274+0000: 13150: error : virQEMUCapsCacheLookupDefault:5577 : invalid argument: KVM is not supported by '/usr/bin/qemu-system-ppc64' on this host
2021-06-14 12:57:43.275+0000: 13151: error : virQEMUCapsCacheLookupDefault:5577 : invalid argument: KVM is not supported by '/usr/bin/qemu-system-ppc64' on this host
2021-06-14 12:57:43.276+0000: 13149: error : virQEMUCapsCacheLookupDefault:5577 : invalid argument: KVM is not supported by '/usr/bin/qemu-system-ppc64' on this host
2021-06-14 12:57:43.277+0000: 13148: error : virQEMUCapsCacheLookupDefault:5577 : invalid argument: KVM is not supported by '/usr/bin/qemu-system-ppc64le' on this host
2021-06-14 12:57:43.279+0000: 13152: error : virQEMUCapsCacheLookupDefault:5577 : invalid argument: KVM is not supported by '/usr/bin/qemu-system-ppc64le' on this host
2021-06-14 12:57:43.280+0000: 13150: error : virQEMUCapsCacheLookupDefault:5577 : invalid argument: KVM is not supported by '/usr/bin/qemu-system-ppc64le' on this host
2021-06-14 12:57:43.290+0000: 13149: error : virQEMUCapsCacheLookupDefault:5577 : invalid argument: KVM is not supported by '/usr/bin/qemu-system-riscv32' on this host
2021-06-14 12:57:43.291+0000: 13148: error : virQEMUCapsCacheLookupDefault:5577 : invalid argument: KVM is not supported by '/usr/bin/qemu-system-riscv64' on this host
2021-06-14 12:57:43.292+0000: 13152: error : virQEMUCapsCacheLookupDefault:5577 : invalid argument: KVM is not supported by '/usr/bin/qemu-system-s390x' on this host
2021-06-14 12:57:43.293+0000: 13150: error : virQEMUCapsCacheLookupDefault:5577 : invalid argument: KVM is not supported by '/usr/bin/qemu-system-sh4' on this host
2021-06-14 12:57:43.295+0000: 13151: error : virQEMUCapsCacheLookupDefault:5577 : invalid argument: KVM is not supported by '/usr/bin/qemu-system-sh4eb' on this host
2021-06-14 12:57:43.296+0000: 13149: error : virQEMUCapsCacheLookupDefault:5577 : invalid argument: KVM is not supported by '/usr/bin/qemu-system-sparc' on this host
2021-06-14 12:57:43.298+0000: 13148: error : virQEMUCapsCacheLookupDefault:5577 : invalid argument: KVM is not supported by '/usr/bin/qemu-system-sparc64' on this host
2021-06-14 12:57:43.299+0000: 13152: error : virQEMUCapsCacheLookupDefault:5577 : invalid argument: KVM is not supported by '/usr/bin/qemu-system-unicore32' on this host
2021-06-14 12:57:43.311+0000: 13152: error : virQEMUCapsCacheLookupDefault:5577 : invalid argument: KVM is not supported by '/usr/bin/qemu-system-xtensa' on this host
2021-06-14 12:57:43.312+0000: 13150: error : virQEMUCapsCacheLookupDefault:5577 : invalid argument: KVM is not supported by '/usr/bin/qemu-system-xtensaeb' on this host
2021-06-14 13:34:15.367+0000: 13129: error : virNetSocketReadWire:1833 : End of file while reading data: Input/output error
2021-06-14 13:34:18.792+0000: 13151: error : virQEMUCapsCacheLookupDefault:5577 : invalid argument: KVM is not supported by '/usr/bin/qemu-system-alpha' on this host
2021-06-14 13:34:18.793+0000: 13152: error : virQEMUCapsCacheLookupDefault:5577 : invalid argument: KVM is not supported by '/usr/bin/qemu-system-arm' on this host
2021-06-14 13:34:18.794+0000: 13148: error : virQEMUCapsCacheLookupDefault:5577 : invalid argument: KVM is not supported by '/usr/bin/qemu-system-arm' on this host
2021-06-14 13:34:18.795+0000: 13150: error : virQEMUCapsCacheLookupDefault:5577 : invalid argument: KVM is not supported by '/usr/bin/qemu-system-arm' on this host
2021-06-14 13:34:18.797+0000: 13149: error : virQEMUCapsCacheLookupDefault:5577 : invalid argument: KVM is not supported by '/usr/bin/qemu-system-aarch64' on this host
2021-06-14 13:34:18.798+0000: 13151: error : virQEMUCapsCacheLookupDefault:5577 : invalid argument: KVM is not supported by '/usr/bin/qemu-system-cris' on this host
2021-06-14 13:34:18.804+0000: 13151: error : virQEMUCapsCacheLookupDefault:5577 : invalid argument: KVM is not supported by '/usr/bin/qemu-system-lm32' on this host
2021-06-14 13:34:18.806+0000: 13152: error : virQEMUCapsCacheLookupDefault:5577 : invalid argument: KVM is not supported by '/usr/bin/qemu-system-m68k' on this host
2021-06-14 13:34:18.806+0000: 13148: error : virQEMUCapsCacheLookupDefault:5577 : invalid argument: KVM is not supported by '/usr/bin/qemu-system-microblaze' on this host
2021-06-14 13:34:18.807+0000: 13150: error : virQEMUCapsCacheLookupDefault:5577 : invalid argument: KVM is not supported by '/usr/bin/qemu-system-microblazeel' on this host
2021-06-14 13:34:18.808+0000: 13149: error : virQEMUCapsCacheLookupDefault:5577 : invalid argument: KVM is not supported by '/usr/bin/qemu-system-mips' on this host
2021-06-14 13:34:18.809+0000: 13151: error : virQEMUCapsCacheLookupDefault:5577 : invalid argument: KVM is not supported by '/usr/bin/qemu-system-mipsel' on this host
2021-06-14 13:34:18.810+0000: 13152: error : virQEMUCapsCacheLookupDefault:5577 : invalid argument: KVM is not supported by '/usr/bin/qemu-system-mips64' on this host
2021-06-14 13:34:18.811+0000: 13148: error : virQEMUCapsCacheLookupDefault:5577 : invalid argument: KVM is not supported by '/usr/bin/qemu-system-mips64el' on this host
2021-06-14 13:34:18.812+0000: 13150: error : virQEMUCapsCacheLookupDefault:5577 : invalid argument: KVM is not supported by '/usr/bin/qemu-system-ppc' on this host
2021-06-14 13:34:18.812+0000: 13149: error : virQEMUCapsCacheLookupDefault:5577 : invalid argument: KVM is not supported by '/usr/bin/qemu-system-ppc64' on this host
2021-06-14 13:34:18.813+0000: 13151: error : virQEMUCapsCacheLookupDefault:5577 : invalid argument: KVM is not supported by '/usr/bin/qemu-system-ppc64' on this host
2021-06-14 13:34:18.814+0000: 13152: error : virQEMUCapsCacheLookupDefault:5577 : invalid argument: KVM is not supported by '/usr/bin/qemu-system-ppc64' on this host
2021-06-14 13:34:18.815+0000: 13148: error : virQEMUCapsCacheLookupDefault:5577 : invalid argument: KVM is not supported by '/usr/bin/qemu-system-ppc64le' on this host
2021-06-14 13:34:18.816+0000: 13150: error : virQEMUCapsCacheLookupDefault:5577 : invalid argument: KVM is not supported by '/usr/bin/qemu-system-ppc64le' on this host
2021-06-14 13:34:18.816+0000: 13149: error : virQEMUCapsCacheLookupDefault:5577 : invalid argument: KVM is not supported by '/usr/bin/qemu-system-ppc64le' on this host
2021-06-14 13:34:18.817+0000: 13151: error : virQEMUCapsCacheLookupDefault:5577 : invalid argument: KVM is not supported by '/usr/bin/qemu-system-riscv32' on this host
2021-06-14 13:34:18.818+0000: 13152: error : virQEMUCapsCacheLookupDefault:5577 : invalid argument: KVM is not supported by '/usr/bin/qemu-system-riscv64' on this host
2021-06-14 13:34:18.819+0000: 13148: error : virQEMUCapsCacheLookupDefault:5577 : invalid argument: KVM is not supported by '/usr/bin/qemu-system-s390x' on this host
2021-06-14 13:34:18.820+0000: 13150: error : virQEMUCapsCacheLookupDefault:5577 : invalid argument: KVM is not supported by '/usr/bin/qemu-system-sh4' on this host
2021-06-14 13:34:18.821+0000: 13149: error : virQEMUCapsCacheLookupDefault:5577 : invalid argument: KVM is not supported by '/usr/bin/qemu-system-sh4eb' on this host
2021-06-14 13:34:18.822+0000: 13151: error : virQEMUCapsCacheLookupDefault:5577 : invalid argument: KVM is not supported by '/usr/bin/qemu-system-sparc' on this host
2021-06-14 13:34:18.822+0000: 13152: error : virQEMUCapsCacheLookupDefault:5577 : invalid argument: KVM is not supported by '/usr/bin/qemu-system-sparc64' on this host
2021-06-14 13:34:18.823+0000: 13148: error : virQEMUCapsCacheLookupDefault:5577 : invalid argument: KVM is not supported by '/usr/bin/qemu-system-unicore32' on this host
2021-06-14 13:34:18.829+0000: 13148: error : virQEMUCapsCacheLookupDefault:5577 : invalid argument: KVM is not supported by '/usr/bin/qemu-system-xtensa' on this host
2021-06-14 13:34:18.830+0000: 13150: error : virQEMUCapsCacheLookupDefault:5577 : invalid argument: KVM is not supported by '/usr/bin/qemu-system-xtensaeb' on this host
2021-06-16 09:05:08.603+0000: 13152: error : qemuDomainAgentAvailable:12339 : argument unsupported: QEMU guest agent is not configured
2021-06-16 09:05:11.964+0000: 13149: error : qemuDomainAgentAvailable:12339 : argument unsupported: QEMU guest agent is not configured
2021-06-16 09:05:12.494+0000: 13149: error : qemuDomainAgentAvailable:12339 : argument unsupported: QEMU guest agent is not configured
2021-06-16 09:05:13.180+0000: 13148: error : qemuOpenFileAs:3161 : Failed to open file '/var/lib/nova/instances/577b8853-56f6-4099-87fb-7ab726cfbb94/disk': No such file or directory
2021-06-16 09:05:57.498+0000: 13148: error : qemuDomainAgentAvailable:12339 : argument unsupported: QEMU guest agent is not configured
2021-06-16 09:06:00.383+0000: 13149: error : qemuDomainAgentAvailable:12339 : argument unsupported: QEMU guest agent is not configured
2021-06-16 09:06:25.858+0000: 13152: error : qemuDomainAgentAvailable:12339 : argument unsupported: QEMU guest agent is not configured
2021-06-16 09:06:46.495+0000: 27174: error : qemuDomainAgentAvailable:12339 : argument unsupported: QEMU guest agent is not configured
2021-06-16 09:06:50.711+0000: 13149: error : qemuDomainAgentAvailable:12339 : argument unsupported: QEMU guest agent is not configured
2021-06-16 09:07:14.414+0000: 13148: error : qemuDomainAgentAvailable:12339 : argument unsupported: QEMU guest agent is not configured
2021-06-16 09:07:34.129+0000: 13148: error : qemuDomainAgentAvailable:12339 : argument unsupported: QEMU guest agent is not configured
2021-06-16 09:07:37.081+0000: 13150: error : qemuDomainAgentAvailable:12339 : argument unsupported: QEMU guest agent is not configured
2021-06-16 09:08:02.147+0000: 13151: error : qemuDomainAgentAvailable:12339 : argument unsupported: QEMU guest agent is not configured
2021-06-16 09:08:05.787+0000: 13151: error : qemuOpenFileAs:3161 : Failed to open file '/var/lib/nova/instances/7ece5b0e-8d7d-491d-a4e7-b418cbadde2e/disk': No such file or directory
2021-06-16 09:08:14.450+0000: 13151: error : qemuDomainAgentAvailable:12339 : argument unsupported: QEMU guest agent is not configured
2021-06-16 09:08:40.432+0000: 13148: error : qemuDomainAgentAvailable:12339 : argument unsupported: QEMU guest agent is not configured
2021-06-16 09:09:02.123+0000: 13152: error : qemuDomainAgentAvailable:12339 : argument unsupported: QEMU guest agent is not configured
2021-06-16 09:09:13.232+0000: 13150: error : qemuDomainAgentAvailable:12339 : argument unsupported: QEMU guest agent is not configured
2021-06-16 09:09:36.635+0000: 13151: error : qemuDomainAgentAvailable:12339 : argument unsupported: QEMU guest agent is not configured
2021-06-16 12:24:30.423+0000: 13151: error : qemuDomainAgentAvailable:12339 : argument unsupported: QEMU guest agent is not configured
2021-06-16 12:25:08.800+0000: 13148: error : qemuDomainAgentAvailable:12339 : argument unsupported: QEMU guest agent is not configured
2021-06-16 12:26:03.143+0000: 27174: error : qemuDomainAgentAvailable:12339 : argument unsupported: QEMU guest agent is not configured
2021-06-16 12:26:18.792+0000: 13148: error : qemuDomainAgentAvailable:12339 : argument unsupported: QEMU guest agent is not configured
2021-06-16 12:26:34.381+0000: 13149: error : qemuDomainAgentAvailable:12339 : argument unsupported: QEMU guest agent is not configured
2021-06-16 12:26:53.651+0000: 13148: error : qemuDomainAgentAvailable:12339 : argument unsupported: QEMU guest agent is not configured
2021-06-16 12:26:58.199+0000: 13150: error : qemuDomainAgentAvailable:12339 : argument unsupported: QEMU guest agent is not configured
2021-06-16 12:27:24.842+0000: 13150: error : qemuDomainAgentAvailable:12339 : argument unsupported: QEMU guest agent is not configured
2021-06-16 12:27:26.238+0000: 27174: error : qemuDomainAgentAvailable:12339 : argument unsupported: QEMU guest agent is not configured
2021-06-16 12:27:56.034+0000: 13151: error : qemuDomainAgentAvailable:12339 : argument unsupported: QEMU guest agent is not configured
2021-06-16 12:28:02.445+0000: 13151: error : qemuDomainAgentAvailable:12339 : argument unsupported: QEMU guest agent is not configured
2021-06-16 12:28:37.527+0000: 13150: error : qemuDomainAgentAvailable:12339 : argument unsupported: QEMU guest agent is not configured
2021-06-16 12:28:57.672+0000: 27174: error : qemuDomainAgentAvailable:12339 : argument unsupported: QEMU guest agent is not configured
2021-06-16 12:29:19.000+0000: 13149: error : qemuDomainAgentAvailable:12339 : argument unsupported: QEMU guest agent is not configured
2021-06-16 12:29:43.138+0000: 13149: error : qemuDomainAgentAvailable:12339 : argument unsupported: QEMU guest agent is not configured
2021-06-16 12:30:10.648+0000: 13151: error : qemuDomainAgentAvailable:12339 : argument unsupported: QEMU guest agent is not configured
2021-06-22 23:10:55.300+0000: 13148: error : qemuDomainAgentAvailable:12339 : argument unsupported: QEMU guest agent is not configured
2021-06-22 23:10:57.382+0000: 13152: error : qemuDomainAgentAvailable:12339 : argument unsupported: QEMU guest agent is not configured
2021-06-22 23:10:58.584+0000: 13150: error : qemuDomainAgentAvailable:12339 : argument unsupported: QEMU guest agent is not configured
2021-06-22 23:11:00.139+0000: 8560: error : qemuDomainAgentAvailable:12339 : argument unsupported: QEMU guest agent is not configured
2021-06-22 23:11:06.174+0000: 13151: error : qemuDomainAgentAvailable:12339 : argument unsupported: QEMU guest agent is not configured
2021-06-22 23:11:06.451+0000: 13152: error : qemuDomainAgentAvailable:12339 : argument unsupported: QEMU guest agent is not configured
2021-06-22 23:11:10.976+0000: 13129: error : qemuMonitorIORead:509 : Unable to read from monitor: Connection reset by peer
2021-06-22 23:11:20.928+0000: 13148: error : qemuDomainAgentAvailable:12339 : argument unsupported: QEMU guest agent is not configured
2021-06-22 23:11:24.606+0000: 8560: error : qemuOpenFileAs:3161 : Failed to open file '/var/lib/nova/instances/0afe3326-8143-42cd-b974-7a614aefa309/disk': No such file or directory
2021-06-22 23:11:25.609+0000: 8560: error : qemuDomainAgentAvailable:12339 : argument unsupported: QEMU guest agent is not configured
2021-06-22 23:11:37.477+0000: 13151: error : qemuDomainAgentAvailable:12339 : argument unsupported: QEMU guest agent is not configured
2021-06-22 23:11:58.842+0000: 8560: error : qemuDomainAgentAvailable:12339 : argument unsupported: QEMU guest agent is not configured
2021-06-22 23:11:58.931+0000: 27174: error : qemuDomainAgentAvailable:12339 : argument unsupported: QEMU guest agent is not configured
2021-06-22 23:12:01.975+0000: 8560: error : qemuDomainAgentAvailable:12339 : argument unsupported: QEMU guest agent is not configured
2021-06-22 23:12:03.847+0000: 13148: error : qemuDomainAgentAvailable:12339 : argument unsupported: QEMU guest agent is not configured
2021-06-22 23:12:05.746+0000: 13149: error : qemuOpenFileAs:3161 : Failed to open file '/var/lib/nova/instances/af2f131c-78ce-4991-b7e2-5f4a3be4cf7e/disk': No such file or directory
2021-06-22 23:12:18.881+0000: 13148: error : qemuDomainAgentAvailable:12339 : argument unsupported: QEMU guest agent is not configured
2021-06-22 23:12:20.575+0000: 13152: error : qemuDomainAgentAvailable:12339 : argument unsupported: QEMU guest agent is not configured
2021-06-22 23:12:32.217+0000: 27174: error : qemuDomainAgentAvailable:12339 : argument unsupported: QEMU guest agent is not configured
2021-06-22 23:12:33.930+0000: 13148: error : qemuDomainAgentAvailable:12339 : argument unsupported: QEMU guest agent is not configured
2021-06-22 23:12:37.862+0000: 8560: error : qemuOpenFileAs:3161 : Failed to open file '/var/lib/nova/instances/9a0d7880-29a5-4b2e-abf8-cebd04440950/disk': No such file or directory
2021-06-22 23:12:43.774+0000: 13149: error : qemuDomainAgentAvailable:12339 : argument unsupported: QEMU guest agent is not configured
2021-06-22 23:12:47.467+0000: 27174: error : qemuOpenFileAs:3161 : Failed to open file '/var/lib/nova/instances/5c4fa456-d52f-4033-956e-85c6afa03304/disk': No such file or directory
2021-06-22 23:12:52.489+0000: 13151: error : qemuDomainAgentAvailable:12339 : argument unsupported: QEMU guest agent is not configured
2021-06-22 23:12:57.420+0000: 13149: error : qemuDomainAgentAvailable:12339 : argument unsupported: QEMU guest agent is not configured
2021-06-22 23:12:58.387+0000: 13151: error : qemuDomainAgentAvailable:12339 : argument unsupported: QEMU guest agent is not configured
2021-06-22 23:13:02.201+0000: 13152: error : qemuOpenFileAs:3161 : Failed to open file '/var/lib/nova/instances/6f3663a3-2075-4bf3-be63-04ccacc725d8/disk': No such file or directory
2021-06-22 23:13:09.277+0000: 27174: error : qemuDomainAgentAvailable:12339 : argument unsupported: QEMU guest agent is not configured
2021-06-22 23:13:13.805+0000: 13151: error : qemuDomainAgentAvailable:12339 : argument unsupported: QEMU guest agent is not configured
2021-06-22 23:13:21.854+0000: 8560: error : qemuDomainAgentAvailable:12339 : argument unsupported: QEMU guest agent is not configured
2021-06-22 23:13:22.741+0000: 8560: error : qemuDomainAgentAvailable:12339 : argument unsupported: QEMU guest agent is not configured
2021-06-22 23:13:29.540+0000: 13152: error : qemuDomainAgentAvailable:12339 : argument unsupported: QEMU guest agent is not configured
2021-06-22 23:13:43.489+0000: 13149: error : qemuDomainAgentAvailable:12339 : argument unsupported: QEMU guest agent is not configured
2021-06-22 23:13:49.342+0000: 13151: error : qemuDomainAgentAvailable:12339 : argument unsupported: QEMU guest agent is not configured
2021-06-22 23:13:51.962+0000: 13149: error : qemuDomainAgentAvailable:12339 : argument unsupported: QEMU guest agent is not configured
2021-06-22 23:13:52.486+0000: 13148: error : qemuDomainAgentAvailable:12339 : argument unsupported: QEMU guest agent is not configured
2021-06-22 23:13:55.482+0000: 27174: error : qemuOpenFileAs:3161 : Failed to open file '/var/lib/nova/instances/ab98503f-0e99-4ed7-a45f-0248e7af42d2/disk': No such file or directory
2021-06-22 23:14:10.210+0000: 13151: error : qemuDomainAgentAvailable:12339 : argument unsupported: QEMU guest agent is not configured
2021-06-22 23:14:12.154+0000: 13148: error : qemuDomainAgentAvailable:12339 : argument unsupported: QEMU guest agent is not configured
2021-06-22 23:14:15.875+0000: 13149: error : qemuOpenFileAs:3161 : Failed to open file '/var/lib/nova/instances/ccdc171f-7d66-46fe-8473-4a37fa7d42c2/disk': No such file or directory
2021-06-22 23:14:17.040+0000: 13148: error : qemuDomainAgentAvailable:12339 : argument unsupported: QEMU guest agent is not configured
2021-06-22 23:14:17.103+0000: 13152: error : qemuDomainAgentAvailable:12339 : argument unsupported: QEMU guest agent is not configured
2021-06-22 23:14:21.300+0000: 13129: error : qemuMonitorIORead:509 : Unable to read from monitor: Connection reset by peer
2021-06-22 23:14:21.300+0000: 13151: warning : qemuGetProcessInfo:1424 : cannot parse process status data
2021-06-22 23:14:39.586+0000: 13150: error : qemuDomainAgentAvailable:12339 : argument unsupported: QEMU guest agent is not configured
2021-06-22 23:14:43.758+0000: 27174: error : qemuDomainAgentAvailable:12339 : argument unsupported: QEMU guest agent is not configured
2021-06-22 23:14:45.829+0000: 27174: error : qemuDomainAgentAvailable:12339 : argument unsupported: QEMU guest agent is not configured
2021-06-22 23:14:47.714+0000: 13152: error : qemuDomainAgentAvailable:12339 : argument unsupported: QEMU guest agent is not configured
2021-06-22 23:15:06.550+0000: 13148: error : qemuDomainAgentAvailable:12339 : argument unsupported: QEMU guest agent is not configured
2021-06-22 23:15:10.970+0000: 8560: error : qemuDomainAgentAvailable:12339 : argument unsupported: QEMU guest agent is not configured
2021-06-22 23:15:13.004+0000: 13150: error : qemuDomainAgentAvailable:12339 : argument unsupported: QEMU guest agent is not configured
2021-06-22 23:15:17.528+0000: 13151: error : qemuDomainAgentAvailable:12339 : argument unsupported: QEMU guest agent is not configured
2021-06-22 23:15:20.833+0000: 13149: error : qemuOpenFileAs:3161 : Failed to open file '/var/lib/nova/instances/da20000f-a8e4-454f-80ee-c0797f20b031/disk': No such file or directory
2021-06-22 23:15:30.585+0000: 13149: error : qemuDomainAgentAvailable:12339 : argument unsupported: QEMU guest agent is not configured
2021-06-22 23:15:34.918+0000: 13150: error : qemuOpenFileAs:3161 : Failed to open file '/var/lib/nova/instances/f6579484-1517-4992-83c1-bf18227b7ebe/disk': No such file or directory
2021-06-22 23:15:40.165+0000: 13148: error : qemuDomainAgentAvailable:12339 : argument unsupported: QEMU guest agent is not configured
2021-06-22 23:15:50.465+0000: 13152: error : qemuDomainAgentAvailable:12339 : argument unsupported: QEMU guest agent is not configured
2021-06-22 23:57:08.227+0000: 13151: error : qemuDomainAgentAvailable:12339 : argument unsupported: QEMU guest agent is not configured
2021-06-22 23:57:09.195+0000: 13148: error : qemuDomainAgentAvailable:12339 : argument unsupported: QEMU guest agent is not configured
2021-06-22 23:57:09.322+0000: 13150: error : qemuDomainAgentAvailable:12339 : argument unsupported: QEMU guest agent is not configured
2021-06-22 23:57:10.525+0000: 13151: error : qemuDomainAgentAvailable:12339 : argument unsupported: QEMU guest agent is not configured
2021-06-22 23:57:13.207+0000: 13129: error : qemuMonitorIORead:509 : Unable to read from monitor: Connection reset by peer
2021-06-22 23:57:13.207+0000: 27174: warning : qemuGetProcessInfo:1424 : cannot parse process status data
2021-06-22 23:57:17.925+0000: 27174: error : qemuDomainAgentAvailable:12339 : argument unsupported: QEMU guest agent is not configured
2021-06-22 23:58:21.325+0000: 13151: error : qemuDomainAgentAvailable:12339 : argument unsupported: QEMU guest agent is not configured
2021-06-22 23:58:24.187+0000: 13150: error : qemuOpenFileAs:3161 : Failed to open file '/var/lib/nova/instances/cdef8d0e-8c1a-4f16-8b6d-11e4c8f2f1a6/disk': No such file or directory
2021-06-22 23:58:35.879+0000: 13151: error : qemuDomainAgentAvailable:12339 : argument unsupported: QEMU guest agent is not configured
2021-06-22 23:58:38.182+0000: 13148: error : qemuDomainAgentAvailable:12339 : argument unsupported: QEMU guest agent is not configured
2021-06-22 23:58:41.330+0000: 27174: error : qemuOpenFileAs:3161 : Failed to open file '/var/lib/nova/instances/89eaefd6-2318-49ae-9890-b1e8f0e492e0/disk': No such file or directory
2021-06-22 23:58:47.692+0000: 13148: error : qemuDomainAgentAvailable:12339 : argument unsupported: QEMU guest agent is not configured
2021-06-22 23:59:11.602+0000: 8560: error : qemuDomainAgentAvailable:12339 : argument unsupported: QEMU guest agent is not configured
2021-06-22 23:59:22.015+0000: 13149: error : qemuDomainAgentAvailable:12339 : argument unsupported: QEMU guest agent is not configured
2021-06-22 23:59:30.050+0000: 13150: error : qemuDomainAgentAvailable:12339 : argument unsupported: QEMU guest agent is not configured
2021-06-22 23:59:47.825+0000: 8560: error : qemuDomainAgentAvailable:12339 : argument unsupported: QEMU guest agent is not configured
2021-06-23 00:00:00.258+0000: 13149: error : qemuDomainAgentAvailable:12339 : argument unsupported: QEMU guest agent is not configured
2021-06-23 00:00:02.837+0000: 8560: error : qemuDomainAgentAvailable:12339 : argument unsupported: QEMU guest agent is not configured
2021-06-23 00:00:24.982+0000: 13149: error : qemuDomainAgentAvailable:12339 : argument unsupported: QEMU guest agent is not configured
2021-06-23 00:00:30.006+0000: 27174: error : qemuDomainAgentAvailable:12339 : argument unsupported: QEMU guest agent is not configured
2021-06-23 00:01:00.590+0000: 13149: error : qemuDomainAgentAvailable:12339 : argument unsupported: QEMU guest agent is not configured
2021-06-23 00:01:03.067+0000: 13150: error : qemuDomainAgentAvailable:12339 : argument unsupported: QEMU guest agent is not configured
2021-06-23 00:01:37.146+0000: 13152: error : qemuDomainAgentAvailable:12339 : argument unsupported: QEMU guest agent is not configured
2021-06-23 00:01:40.202+0000: 13150: error : qemuDomainAgentAvailable:12339 : argument unsupported: QEMU guest agent is not configured
2021-06-23 00:01:40.684+0000: 13152: error : qemuDomainAgentAvailable:12339 : argument unsupported: QEMU guest agent is not configured
2021-06-23 00:02:06.371+0000: 13148: error : qemuDomainAgentAvailable:12339 : argument unsupported: QEMU guest agent is not configured
2021-06-23 00:02:10.863+0000: 13151: error : qemuOpenFileAs:3161 : Failed to open file '/var/lib/nova/instances/9b808e13-55f0-4e4f-a2cd-ac962cdd24d8/disk': No such file or directory
2021-06-23 00:02:13.849+0000: 13150: error : qemuDomainAgentAvailable:12339 : argument unsupported: QEMU guest agent is not configured
2021-06-23 00:02:37.511+0000: 13149: error : qemuDomainAgentAvailable:12339 : argument unsupported: QEMU guest agent is not configured
2021-06-23 00:02:41.474+0000: 8560: error : qemuDomainAgentAvailable:12339 : argument unsupported: QEMU guest agent is not configured
2021-06-23 00:02:55.205+0000: 27174: error : qemuDomainAgentAvailable:12339 : argument unsupported: QEMU guest agent is not configured
2021-06-23 00:03:10.683+0000: 13151: error : qemuDomainAgentAvailable:12339 : argument unsupported: QEMU guest agent is not configured
2021-06-23 00:03:37.268+0000: 8560: error : qemuDomainAgentAvailable:12339 : argument unsupported: QEMU guest agent is not configured
2021-06-23 00:03:40.677+0000: 13152: error : qemuDomainAgentAvailable:12339 : argument unsupported: QEMU guest agent is not configured
2021-06-23 00:03:50.944+0000: 13149: error : qemuDomainAgentAvailable:12339 : argument unsupported: QEMU guest agent is not configured
2021-06-23 00:04:11.131+0000: 13149: error : qemuDomainAgentAvailable:12339 : argument unsupported: QEMU guest agent is not configured
2021-06-23 00:04:14.199+0000: 13148: error : qemuOpenFileAs:3161 : Failed to open file '/var/lib/nova/instances/eef882d5-3284-4973-a221-8e544f6fc55b/disk': No such file or directory
2021-06-23 00:04:15.472+0000: 8560: error : qemuDomainAgentAvailable:12339 : argument unsupported: QEMU guest agent is not configured
2021-06-23 00:04:18.745+0000: 13152: error : qemuOpenFileAs:3161 : Failed to open file '/var/lib/nova/instances/55051ed3-49ad-4ad6-b1b9-364f64ef44bd/disk': No such file or directory
2021-06-23 00:08:51.184+0000: 8560: error : qemuDomainAgentAvailable:12339 : argument unsupported: QEMU guest agent is not configured
2021-06-23 00:09:03.107+0000: 13150: error : qemuDomainAgentAvailable:12339 : argument unsupported: QEMU guest agent is not configured
2021-06-23 00:09:03.270+0000: 27174: error : qemuDomainAgentAvailable:12339 : argument unsupported: QEMU guest agent is not configured
2021-06-23 00:10:15.653+0000: 27174: error : qemuDomainAgentAvailable:12339 : argument unsupported: QEMU guest agent is not configured
2021-06-23 00:10:27.861+0000: 13148: error : qemuDomainAgentAvailable:12339 : argument unsupported: QEMU guest agent is not configured
2021-06-23 00:10:50.134+0000: 13148: error : qemuDomainAgentAvailable:12339 : argument unsupported: QEMU guest agent is not configured
2021-06-23 00:10:51.369+0000: 13149: error : qemuDomainAgentAvailable:12339 : argument unsupported: QEMU guest agent is not configured
2021-06-23 00:11:41.171+0000: 13148: error : qemuDomainAgentAvailable:12339 : argument unsupported: QEMU guest agent is not configured
2021-06-23 00:11:42.103+0000: 13151: error : qemuDomainAgentAvailable:12339 : argument unsupported: QEMU guest agent is not configured
2021-06-23 00:11:47.009+0000: 13152: error : qemuOpenFileAs:3161 : Failed to open file '/var/lib/nova/instances/bf5b5d87-210a-45fa-ac04-5991d90f7d88/disk': No such file or directory
2021-06-23 00:12:19.409+0000: 13152: error : qemuDomainAgentAvailable:12339 : argument unsupported: QEMU guest agent is not configured
2021-06-23 00:12:20.437+0000: 13149: error : qemuDomainAgentAvailable:12339 : argument unsupported: QEMU guest agent is not configured
2021-06-23 00:12:53.444+0000: 13149: error : qemuDomainAgentAvailable:12339 : argument unsupported: QEMU guest agent is not configured
2021-06-23 00:13:15.099+0000: 13151: error : qemuDomainAgentAvailable:12339 : argument unsupported: QEMU guest agent is not configured
2021-06-23 00:13:19.114+0000: 13149: warning : qemuGetProcessInfo:1424 : cannot parse process status data
2021-06-23 00:13:19.114+0000: 13152: error : virNetDevTapInterfaceStats:811 : internal error: /proc/net/dev: Interface not found
2021-06-23 00:13:19.115+0000: 13129: error : qemuMonitorIORead:509 : Unable to read from monitor: Connection reset by peer
2021-06-23 00:13:19.414+0000: 13149: error : qemuOpenFileAs:3161 : Failed to open file '/var/lib/nova/instances/e3834333-def7-4586-88cb-13794d007f42/disk': No such file or directory
2021-06-23 00:13:50.561+0000: 13148: error : qemuDomainAgentAvailable:12339 : argument unsupported: QEMU guest agent is not configured
2021-06-23 00:14:00.241+0000: 13149: error : qemuDomainAgentAvailable:12339 : argument unsupported: QEMU guest agent is not configured
2021-06-23 00:14:03.659+0000: 8560: error : qemuOpenFileAs:3161 : Failed to open file '/var/lib/nova/instances/f0cc8ac9-ab2b-4c9d-8ce5-afa44fba1726/disk': No such file or directory
2021-06-23 00:14:04.986+0000: 13150: error : qemuDomainAgentAvailable:12339 : argument unsupported: QEMU guest agent is not configured
2021-06-26 20:50:59.440+0000: 13148: error : qemuDomainAgentAvailable:12339 : argument unsupported: QEMU guest agent is not configured
2021-06-26 21:06:00.081+0000: 13149: error : qemuDomainAgentAvailable:12339 : argument unsupported: QEMU guest agent is not configured
