2021-03-18 21:34:04.459  INFO [bootstrap,,,] 8 --- [           main] s.c.a.AnnotationConfigApplicationContext : Refreshing org.springframework.context.annotation.AnnotationConfigApplicationContext@51521cc1: startup date [Thu Mar 18 21:34:04 GMT 2021]; root of context hierarchy
2021-03-18 21:34:05.578  INFO [bootstrap,,,] 8 --- [           main] trationDelegate$BeanPostProcessorChecker : Bean 'configurationPropertiesRebinderAutoConfiguration' of type [class org.springframework.cloud.autoconfigure.ConfigurationPropertiesRebinderAutoConfiguration$$EnhancerBySpringCGLIB$$b894f39] is not eligible for getting processed by all BeanPostProcessors (for example: not eligible for auto-proxying)

  .   ____          _            __ _ _
 /\\ / ___'_ __ _ _(_)_ __  __ _ \ \ \ \
( ( )\___ | '_ | '_| | '_ \/ _` | \ \ \ \
 \\/  ___)| |_)| | | | | || (_| |  ) ) ) )
  '  |____| .__|_| |_|_| |_\__, | / / / /
 =========|_|==============|___/=/_/_/_/
 :: Spring Boot ::        (v1.4.4.RELEASE)

2021-03-18 21:34:06.362  INFO [orders,,,] 8 --- [           main] w.weave.socks.orders.OrderApplication    : No active profile set, falling back to default profiles: default
2021-03-18 21:34:06.643  INFO [orders,,,] 8 --- [           main] ationConfigEmbeddedWebApplicationContext : Refreshing org.springframework.boot.context.embedded.AnnotationConfigEmbeddedWebApplicationContext@649d209a: startup date [Thu Mar 18 21:34:06 GMT 2021]; parent: org.springframework.context.annotation.AnnotationConfigApplicationContext@51521cc1
2021-03-18 21:34:09.835  INFO [orders,,,] 8 --- [           main] o.s.b.f.s.DefaultListableBeanFactory     : Overriding bean definition for bean 'managementServletContext' with a different definition: replacing [Root bean: class [null]; scope=; abstract=false; lazyInit=false; autowireMode=3; dependencyCheck=0; autowireCandidate=true; primary=false; factoryBeanName=org.springframework.boot.actuate.autoconfigure.EndpointWebMvcHypermediaManagementContextConfiguration; factoryMethodName=managementServletContext; initMethodName=null; destroyMethodName=(inferred); defined in class path resource [org/springframework/boot/actuate/autoconfigure/EndpointWebMvcHypermediaManagementContextConfiguration.class]] with [Root bean: class [null]; scope=; abstract=false; lazyInit=false; autowireMode=3; dependencyCheck=0; autowireCandidate=true; primary=false; factoryBeanName=org.springframework.boot.actuate.autoconfigure.EndpointWebMvcAutoConfiguration; factoryMethodName=managementServletContext; initMethodName=null; destroyMethodName=(inferred); defined in class path resource [org/springframework/boot/actuate/autoconfigure/EndpointWebMvcAutoConfiguration.class]]
2021-03-18 21:34:10.491  WARN [orders,,,] 8 --- [           main] o.s.c.a.ConfigurationClassPostProcessor  : Cannot enhance @Configuration bean definition 'refreshScope' since its singleton instance has been created too early. The typical cause is a non-static @Bean method with a BeanDefinitionRegistryPostProcessor return type: Consider declaring such methods as 'static'.
2021-03-18 21:34:10.792  INFO [orders,,,] 8 --- [           main] o.s.cloud.context.scope.GenericScope     : BeanFactory id=25db8119-5d6f-367e-84c5-6fabdc42a9e4
2021-03-18 21:34:10.890  INFO [orders,,,] 8 --- [           main] trationDelegate$BeanPostProcessorChecker : Bean 'org.springframework.cloud.sleuth.instrument.async.AsyncDefaultAutoConfiguration$DefaultAsyncConfigurerSupport' of type [class org.springframework.cloud.sleuth.instrument.async.AsyncDefaultAutoConfiguration$DefaultAsyncConfigurerSupport$$EnhancerBySpringCGLIB$$2cb0e9ff] is not eligible for getting processed by all BeanPostProcessors (for example: not eligible for auto-proxying)
2021-03-18 21:34:11.782  INFO [orders,,,] 8 --- [           main] trationDelegate$BeanPostProcessorChecker : Bean 'org.springframework.cloud.autoconfigure.ConfigurationPropertiesRebinderAutoConfiguration' of type [class org.springframework.cloud.autoconfigure.ConfigurationPropertiesRebinderAutoConfiguration$$EnhancerBySpringCGLIB$$b894f39] is not eligible for getting processed by all BeanPostProcessors (for example: not eligible for auto-proxying)
2021-03-18 21:34:11.867  INFO [orders,,,] 8 --- [           main] trationDelegate$BeanPostProcessorChecker : Bean 'org.springframework.cloud.sleuth.instrument.web.TraceWebAutoConfiguration' of type [class org.springframework.cloud.sleuth.instrument.web.TraceWebAutoConfiguration$$EnhancerBySpringCGLIB$$ecb4cb09] is not eligible for getting processed by all BeanPostProcessors (for example: not eligible for auto-proxying)
2021-03-18 21:34:13.309  INFO [orders,,,] 8 --- [           main] s.b.c.e.t.TomcatEmbeddedServletContainer : Tomcat initialized with port(s): 80 (http)
2021-03-18 21:34:13.351  INFO [orders,,,] 8 --- [           main] o.apache.catalina.core.StandardService   : Starting service Tomcat
2021-03-18 21:34:13.353  INFO [orders,,,] 8 --- [           main] org.apache.catalina.core.StandardEngine  : Starting Servlet Engine: Apache Tomcat/8.5.11
2021-03-18 21:34:13.900  INFO [orders,,,] 8 --- [ost-startStop-1] o.a.c.c.C.[Tomcat].[localhost].[/]       : Initializing Spring embedded WebApplicationContext
2021-03-18 21:34:13.906  INFO [orders,,,] 8 --- [ost-startStop-1] o.s.web.context.ContextLoader            : Root WebApplicationContext: initialization completed in 7264 ms
2021-03-18 21:34:16.178  INFO [orders,,,] 8 --- [ost-startStop-1] o.s.b.w.servlet.FilterRegistrationBean   : Mapping filter: 'metricsFilter' to: [/*]
2021-03-18 21:34:16.178  INFO [orders,,,] 8 --- [ost-startStop-1] o.s.b.w.servlet.FilterRegistrationBean   : Mapping filter: 'characterEncodingFilter' to: [/*]
2021-03-18 21:34:16.178  INFO [orders,,,] 8 --- [ost-startStop-1] o.s.b.c.embedded.FilterRegistrationBean  : Mapping filter: 'traceFilter' to: [/*]
2021-03-18 21:34:16.179  INFO [orders,,,] 8 --- [ost-startStop-1] o.s.b.w.servlet.FilterRegistrationBean   : Mapping filter: 'hiddenHttpMethodFilter' to: [/*]
2021-03-18 21:34:16.179  INFO [orders,,,] 8 --- [ost-startStop-1] o.s.b.w.servlet.FilterRegistrationBean   : Mapping filter: 'httpPutFormContentFilter' to: [/*]
2021-03-18 21:34:16.179  INFO [orders,,,] 8 --- [ost-startStop-1] o.s.b.w.servlet.FilterRegistrationBean   : Mapping filter: 'requestContextFilter' to: [/*]
2021-03-18 21:34:16.179  INFO [orders,,,] 8 --- [ost-startStop-1] o.s.b.w.servlet.FilterRegistrationBean   : Mapping filter: 'webRequestLoggingFilter' to: [/*]
2021-03-18 21:34:16.179  INFO [orders,,,] 8 --- [ost-startStop-1] o.s.b.w.servlet.FilterRegistrationBean   : Mapping filter: 'applicationContextIdFilter' to: [/*]
2021-03-18 21:34:16.180  INFO [orders,,,] 8 --- [ost-startStop-1] o.s.b.w.servlet.ServletRegistrationBean  : Mapping servlet: 'metricsServlet' to [/metrics]
2021-03-18 21:34:16.187  INFO [orders,,,] 8 --- [ost-startStop-1] o.s.b.w.servlet.ServletRegistrationBean  : Mapping servlet: 'dispatcherServlet' to [/]
2021-03-18 21:34:17.967  INFO [orders,,,] 8 --- [           main] org.mongodb.driver.cluster               : Cluster created with settings {hosts=[orders-db:27017], mode=SINGLE, requiredClusterType=UNKNOWN, serverSelectionTimeout='10000 ms', maxWaitQueueSize=500}
2021-03-18 21:34:18.231  INFO [orders,,,] 8 --- [orders-db:27017] org.mongodb.driver.connection            : Opened connection [connectionId{localValue:1, serverValue:1}] to orders-db:27017
2021-03-18 21:34:18.233  INFO [orders,,,] 8 --- [orders-db:27017] org.mongodb.driver.cluster               : Monitor thread successfully connected to server with description ServerDescription{address=orders-db:27017, type=STANDALONE, state=CONNECTED, ok=true, version=ServerVersion{versionList=[3, 4, 24]}, minWireVersion=0, maxWireVersion=5, maxDocumentSize=16777216, roundTripTimeNanos=847380}
2021-03-18 21:34:20.468  INFO [orders,,,] 8 --- [           main] o.s.b.f.config.PropertiesFactoryBean     : Loading properties file from class path resource [rest-default-messages.properties]
2021-03-18 21:34:22.403  INFO [orders,,,] 8 --- [           main] s.w.s.m.m.a.RequestMappingHandlerMapping : Mapped "{[/health],methods=[GET]}" onto public java.util.Map<java.lang.String, java.util.List<works.weave.socks.orders.entities.HealthCheck>> works.weave.socks.orders.controllers.HealthCheckController.getHealth()
2021-03-18 21:34:22.408  INFO [orders,,,] 8 --- [           main] s.w.s.m.m.a.RequestMappingHandlerMapping : Mapped "{[/error],produces=[text/html]}" onto public org.springframework.web.servlet.ModelAndView org.springframework.boot.autoconfigure.web.BasicErrorController.errorHtml(javax.servlet.http.HttpServletRequest,javax.servlet.http.HttpServletResponse)
2021-03-18 21:34:22.411  INFO [orders,,,] 8 --- [           main] s.w.s.m.m.a.RequestMappingHandlerMapping : Mapped "{[/error]}" onto public org.springframework.http.ResponseEntity<java.util.Map<java.lang.String, java.lang.Object>> org.springframework.boot.autoconfigure.web.BasicErrorController.error(javax.servlet.http.HttpServletRequest)
