=INFO REPORT==== 18-Mar-2021::21:34:04 ===
Starting RabbitMQ 3.6.8 on Erlang 19.3
Copyright (C) 2007-2016 Pivotal Software, Inc.
Licensed under the MPL.  See http://www.rabbitmq.com/

              RabbitMQ 3.6.8. Copyright (C) 2007-2016 Pivotal Software, Inc.
  ##  ##      Licensed under the MPL.  See http://www.rabbitmq.com/
  ##  ##
  ##########  Logs: tty
  ######  ##        tty
  ##########
              Starting broker...

=INFO REPORT==== 18-Mar-2021::21:34:04 ===
node           : rabbit@rabbitmq
home dir       : /var/lib/rabbitmq
config file(s) : /etc/rabbitmq/rabbitmq.config
cookie hash    : /6WqKZlhtT7R5vX/t5C2OQ==
log            : tty
sasl log       : tty
database dir   : /var/lib/rabbitmq/mnesia/rabbit@rabbitmq

=INFO REPORT==== 18-Mar-2021::21:34:07 ===
Memory limit set to 3188MB of 7971MB total.

=INFO REPORT==== 18-Mar-2021::21:34:07 ===
Disk free limit set to 50MB

=INFO REPORT==== 18-Mar-2021::21:34:07 ===
Limiting to approx 1048476 file handles (943626 sockets)

=INFO REPORT==== 18-Mar-2021::21:34:07 ===
FHC read buffering:  OFF
FHC write buffering: ON

=INFO REPORT==== 18-Mar-2021::21:34:07 ===
Waiting for Mnesia tables for 30000 ms, 9 retries left

=INFO REPORT==== 18-Mar-2021::21:34:07 ===
Waiting for Mnesia tables for 30000 ms, 9 retries left

=INFO REPORT==== 18-Mar-2021::21:34:07 ===
Priority queues enabled, real BQ is rabbit_variable_queue

=INFO REPORT==== 18-Mar-2021::21:34:07 ===
Starting rabbit_node_monitor

=INFO REPORT==== 18-Mar-2021::21:34:07 ===
msg_store_transient: using rabbit_msg_store_ets_index to provide index

=INFO REPORT==== 18-Mar-2021::21:34:07 ===
msg_store_persistent: using rabbit_msg_store_ets_index to provide index

=WARNING REPORT==== 18-Mar-2021::21:34:07 ===
msg_store_persistent: rebuilding indices from scratch

=INFO REPORT==== 18-Mar-2021::21:34:07 ===
started TCP Listener on [::]:5672
 completed with 0 plugins.

=INFO REPORT==== 18-Mar-2021::21:34:07 ===
Server startup complete; 0 plugins started.

=INFO REPORT==== 18-Mar-2021::21:34:14 ===
accepting AMQP connection <0.289.0> (172.26.0.13:54330 -> 172.26.0.4:5672)

=INFO REPORT==== 18-Mar-2021::21:34:14 ===
connection <0.289.0> (172.26.0.13:54330 -> 172.26.0.4:5672): user 'guest' authenticated and granted access to vhost '/'
