2021-03-18 21:34:03.580  INFO [bootstrap,,,] 7 --- [           main] s.c.a.AnnotationConfigApplicationContext : Refreshing org.springframework.context.annotation.AnnotationConfigApplicationContext@51521cc1: startup date [Thu Mar 18 21:34:03 GMT 2021]; root of context hierarchy
2021-03-18 21:34:04.209  INFO [bootstrap,,,] 7 --- [           main] trationDelegate$BeanPostProcessorChecker : Bean 'configurationPropertiesRebinderAutoConfiguration' of type [class org.springframework.cloud.autoconfigure.ConfigurationPropertiesRebinderAutoConfiguration$$EnhancerBySpringCGLIB$$b894f39] is not eligible for getting processed by all BeanPostProcessors (for example: not eligible for auto-proxying)

  .   ____          _            __ _ _
 /\\ / ___'_ __ _ _(_)_ __  __ _ \ \ \ \
( ( )\___ | '_ | '_| | '_ \/ _` | \ \ \ \
 \\/  ___)| |_)| | | | | || (_| |  ) ) ) )
  '  |____| .__|_| |_|_| |_\__, | / / / /
 =========|_|==============|___/=/_/_/_/
 :: Spring Boot ::        (v1.4.4.RELEASE)

2021-03-18 21:34:05.171  INFO [carts,,,] 7 --- [           main] works.weave.socks.cart.CartApplication   : No active profile set, falling back to default profiles: default
2021-03-18 21:34:05.211  INFO [carts,,,] 7 --- [           main] ationConfigEmbeddedWebApplicationContext : Refreshing org.springframework.boot.context.embedded.AnnotationConfigEmbeddedWebApplicationContext@28f67ac7: startup date [Thu Mar 18 21:34:05 GMT 2021]; parent: org.springframework.context.annotation.AnnotationConfigApplicationContext@51521cc1
2021-03-18 21:34:08.428  INFO [carts,,,] 7 --- [           main] o.s.b.f.s.DefaultListableBeanFactory     : Overriding bean definition for bean 'managementServletContext' with a different definition: replacing [Root bean: class [null]; scope=; abstract=false; lazyInit=false; autowireMode=3; dependencyCheck=0; autowireCandidate=true; primary=false; factoryBeanName=org.springframework.boot.actuate.autoconfigure.EndpointWebMvcHypermediaManagementContextConfiguration; factoryMethodName=managementServletContext; initMethodName=null; destroyMethodName=(inferred); defined in class path resource [org/springframework/boot/actuate/autoconfigure/EndpointWebMvcHypermediaManagementContextConfiguration.class]] with [Root bean: class [null]; scope=; abstract=false; lazyInit=false; autowireMode=3; dependencyCheck=0; autowireCandidate=true; primary=false; factoryBeanName=org.springframework.boot.actuate.autoconfigure.EndpointWebMvcAutoConfiguration; factoryMethodName=managementServletContext; initMethodName=null; destroyMethodName=(inferred); defined in class path resource [org/springframework/boot/actuate/autoconfigure/EndpointWebMvcAutoConfiguration.class]]
2021-03-18 21:34:08.903  WARN [carts,,,] 7 --- [           main] o.s.c.a.ConfigurationClassPostProcessor  : Cannot enhance @Configuration bean definition 'refreshScope' since its singleton instance has been created too early. The typical cause is a non-static @Bean method with a BeanDefinitionRegistryPostProcessor return type: Consider declaring such methods as 'static'.
2021-03-18 21:34:09.303  INFO [carts,,,] 7 --- [           main] o.s.cloud.context.scope.GenericScope     : BeanFactory id=063d23b5-fa4f-330e-8afb-cdf6f03b608e
2021-03-18 21:34:09.783  INFO [carts,,,] 7 --- [           main] trationDelegate$BeanPostProcessorChecker : Bean 'org.springframework.cloud.sleuth.instrument.async.AsyncDefaultAutoConfiguration$DefaultAsyncConfigurerSupport' of type [class org.springframework.cloud.sleuth.instrument.async.AsyncDefaultAutoConfiguration$DefaultAsyncConfigurerSupport$$EnhancerBySpringCGLIB$$2cb0e9ff] is not eligible for getting processed by all BeanPostProcessors (for example: not eligible for auto-proxying)
2021-03-18 21:34:10.702  INFO [carts,,,] 7 --- [           main] trationDelegate$BeanPostProcessorChecker : Bean 'org.springframework.cloud.autoconfigure.ConfigurationPropertiesRebinderAutoConfiguration' of type [class org.springframework.cloud.autoconfigure.ConfigurationPropertiesRebinderAutoConfiguration$$EnhancerBySpringCGLIB$$b894f39] is not eligible for getting processed by all BeanPostProcessors (for example: not eligible for auto-proxying)
2021-03-18 21:34:10.869  INFO [carts,,,] 7 --- [           main] trationDelegate$BeanPostProcessorChecker : Bean 'org.springframework.cloud.sleuth.instrument.web.TraceWebAutoConfiguration' of type [class org.springframework.cloud.sleuth.instrument.web.TraceWebAutoConfiguration$$EnhancerBySpringCGLIB$$ecb4cb09] is not eligible for getting processed by all BeanPostProcessors (for example: not eligible for auto-proxying)
2021-03-18 21:34:12.031  INFO [carts,,,] 7 --- [           main] s.b.c.e.t.TomcatEmbeddedServletContainer : Tomcat initialized with port(s): 80 (http)
2021-03-18 21:34:12.063  INFO [carts,,,] 7 --- [           main] o.apache.catalina.core.StandardService   : Starting service Tomcat
2021-03-18 21:34:12.065  INFO [carts,,,] 7 --- [           main] org.apache.catalina.core.StandardEngine  : Starting Servlet Engine: Apache Tomcat/8.5.11
2021-03-18 21:34:12.376  INFO [carts,,,] 7 --- [ost-startStop-1] o.a.c.c.C.[Tomcat].[localhost].[/]       : Initializing Spring embedded WebApplicationContext
2021-03-18 21:34:12.376  INFO [carts,,,] 7 --- [ost-startStop-1] o.s.web.context.ContextLoader            : Root WebApplicationContext: initialization completed in 7165 ms
2021-03-18 21:34:14.622  INFO [carts,,,] 7 --- [ost-startStop-1] o.s.b.w.servlet.FilterRegistrationBean   : Mapping filter: 'metricsFilter' to: [/*]
2021-03-18 21:34:14.624  INFO [carts,,,] 7 --- [ost-startStop-1] o.s.b.w.servlet.FilterRegistrationBean   : Mapping filter: 'characterEncodingFilter' to: [/*]
2021-03-18 21:34:14.625  INFO [carts,,,] 7 --- [ost-startStop-1] o.s.b.c.embedded.FilterRegistrationBean  : Mapping filter: 'traceFilter' to: [/*]
2021-03-18 21:34:14.625  INFO [carts,,,] 7 --- [ost-startStop-1] o.s.b.w.servlet.FilterRegistrationBean   : Mapping filter: 'hiddenHttpMethodFilter' to: [/*]
2021-03-18 21:34:14.625  INFO [carts,,,] 7 --- [ost-startStop-1] o.s.b.w.servlet.FilterRegistrationBean   : Mapping filter: 'httpPutFormContentFilter' to: [/*]
2021-03-18 21:34:14.625  INFO [carts,,,] 7 --- [ost-startStop-1] o.s.b.w.servlet.FilterRegistrationBean   : Mapping filter: 'requestContextFilter' to: [/*]
2021-03-18 21:34:14.625  INFO [carts,,,] 7 --- [ost-startStop-1] o.s.b.w.servlet.FilterRegistrationBean   : Mapping filter: 'webRequestLoggingFilter' to: [/*]
2021-03-18 21:34:14.625  INFO [carts,,,] 7 --- [ost-startStop-1] o.s.b.w.servlet.FilterRegistrationBean   : Mapping filter: 'applicationContextIdFilter' to: [/*]
2021-03-18 21:34:14.626  INFO [carts,,,] 7 --- [ost-startStop-1] o.s.b.w.servlet.ServletRegistrationBean  : Mapping servlet: 'metricsServlet' to [/metrics]
2021-03-18 21:34:14.627  INFO [carts,,,] 7 --- [ost-startStop-1] o.s.b.w.servlet.ServletRegistrationBean  : Mapping servlet: 'dispatcherServlet' to [/]
2021-03-18 21:34:15.649  INFO [carts,,,] 7 --- [           main] org.mongodb.driver.cluster               : Cluster created with settings {hosts=[carts-db:27017], mode=SINGLE, requiredClusterType=UNKNOWN, serverSelectionTimeout='10000 ms', maxWaitQueueSize=500}
2021-03-18 21:34:15.923  INFO [carts,,,] 7 --- [-carts-db:27017] org.mongodb.driver.connection            : Opened connection [connectionId{localValue:1, serverValue:1}] to carts-db:27017
2021-03-18 21:34:15.936  INFO [carts,,,] 7 --- [-carts-db:27017] org.mongodb.driver.cluster               : Monitor thread successfully connected to server with description ServerDescription{address=carts-db:27017, type=STANDALONE, state=CONNECTED, ok=true, version=ServerVersion{versionList=[3, 4, 24]}, minWireVersion=0, maxWireVersion=5, maxDocumentSize=16777216, roundTripTimeNanos=11431907}
2021-03-18 21:34:18.604  INFO [carts,,,] 7 --- [           main] o.s.b.f.config.PropertiesFactoryBean     : Loading properties file from class path resource [rest-default-messages.properties]
2021-03-18 21:34:21.153  INFO [carts,,,] 7 --- [           main] s.w.s.m.m.a.RequestMappingHandlerMapping : Mapped "{[/carts/{customerId}/merge],methods=[GET]}" onto public void works.weave.socks.cart.controllers.CartsController.mergeCarts(java.lang.String,java.lang.String)
2021-03-18 21:34:21.154  INFO [carts,,,] 7 --- [           main] s.w.s.m.m.a.RequestMappingHandlerMapping : Mapped "{[/carts/{customerId}],methods=[GET],produces=[application/json]}" onto public works.weave.socks.cart.entities.Cart works.weave.socks.cart.controllers.CartsController.get(java.lang.String)
2021-03-18 21:34:21.155  INFO [carts,,,] 7 --- [           main] s.w.s.m.m.a.RequestMappingHandlerMapping : Mapped "{[/carts/{customerId}],methods=[DELETE]}" onto public void works.weave.socks.cart.controllers.CartsController.delete(java.lang.String)
2021-03-18 21:34:21.159  INFO [carts,,,] 7 --- [           main] s.w.s.m.m.a.RequestMappingHandlerMapping : Mapped "{[/carts/{customerId:.*}/items/{itemId:.*}],methods=[DELETE]}" onto public void works.weave.socks.cart.controllers.ItemsController.removeItem(java.lang.String,java.lang.String)
2021-03-18 21:34:21.159  INFO [carts,,,] 7 --- [           main] s.w.s.m.m.a.RequestMappingHandlerMapping : Mapped "{[/carts/{customerId:.*}/items],methods=[GET],produces=[application/json]}" onto public java.util.List<works.weave.socks.cart.entities.Item> works.weave.socks.cart.controllers.ItemsController.getItems(java.lang.String)
2021-03-18 21:34:21.159  INFO [carts,,,] 7 --- [           main] s.w.s.m.m.a.RequestMappingHandlerMapping : Mapped "{[/carts/{customerId:.*}/items],methods=[POST],consumes=[application/json]}" onto public works.weave.socks.cart.entities.Item works.weave.socks.cart.controllers.ItemsController.addToCart(java.lang.String,works.weave.socks.cart.entities.Item)
2021-03-18 21:34:21.159  INFO [carts,,,] 7 --- [           main] s.w.s.m.m.a.RequestMappingHandlerMapping : Mapped "{[/carts/{customerId:.*}/items],methods=[PATCH],consumes=[application/json]}" onto public void works.weave.socks.cart.controllers.ItemsController.updateItem(java.lang.String,works.weave.socks.cart.entities.Item)
2021-03-18 21:34:21.159  INFO [carts,,,] 7 --- [           main] s.w.s.m.m.a.RequestMappingHandlerMapping : Mapped "{[/carts/{customerId:.*}/items/{itemId:.*}],methods=[GET],produces=[application/json]}" onto public works.weave.socks.cart.entities.Item works.weave.socks.cart.controllers.ItemsController.get(java.lang.String,java.lang.String)
2021-03-18 21:34:21.162  INFO [carts,,,] 7 --- [           main] s.w.s.m.m.a.RequestMappingHandlerMapping : Mapped "{[/health],methods=[GET]}" onto public java.util.Map<java.lang.String, java.util.List<works.weave.socks.cart.entities.HealthCheck>> works.weave.socks.cart.controllers.HealthCheckController.getHealth()
2021-03-18 21:34:21.164  INFO [carts,,,] 7 --- [           main] s.w.s.m.m.a.RequestMappingHandlerMapping : Mapped "{[/error],produces=[text/html]}" onto public org.springframework.web.servlet.ModelAndView org.springframework.boot.autoconfigure.web.BasicErrorController.errorHtml(javax.servlet.http.HttpServletRequest,javax.servlet.http.HttpServletResponse)
2021-03-18 21:34:21.165  INFO [carts,,,] 7 --- [           main] s.w.s.m.m.a.RequestMappingHandlerMapping : Mapped "{[/error]}" onto public org.springframework.http.ResponseEntity<java.util.Map<java.lang.String, java.lang.Object>> org.springframework.boot.autoconfigure.web.BasicErrorController.error(javax.servlet.http.HttpServletRequest)
2021-03-18 21:34:21.561  INFO [carts,,,] 7 --- [           main] s.w.s.m.m.a.RequestMappingHandlerAdapter : Looking for @ControllerAdvice: org.springframework.boot.context.embedded.AnnotationConfigEmbeddedWebApplicationContext@28f67ac7: startup date [Thu Mar 18 21:34:05 GMT 2021]; parent: org.springframework.context.annotation.AnnotationConfigApplicationContext@51521cc1
2021-03-18 21:34:21.572  INFO [carts,,,] 7 --- [           main] s.w.s.m.m.a.RequestMappingHandlerAdapter : Detected ResponseBodyAdvice bean in org.springframework.boot.actuate.autoconfigure.EndpointWebMvcHypermediaManagementContextConfiguration$ActuatorEndpointLinksAdvice
2021-03-18 21:34:21.871  INFO [carts,,,] 7 --- [           main] o.s.w.s.handler.SimpleUrlHandlerMapping  : Mapped URL path [/webjars/**] onto handler of type [class org.springframework.web.servlet.resource.ResourceHttpRequestHandler]
2021-03-18 21:34:21.874  INFO [carts,,,] 7 --- [           main] o.s.w.s.handler.SimpleUrlHandlerMapping  : Mapped URL path [/**] onto handler of type [class org.springframework.web.servlet.resource.ResourceHttpRequestHandler]
2021-03-18 21:34:21.874  INFO [carts,,,] 7 --- [           main] o.s.w.s.handler.SimpleUrlHandlerMapping  : Mapped URL path [/browser/**] onto handler of type [class org.springframework.web.servlet.resource.ResourceHttpRequestHandler]
2021-03-18 21:34:21.874  INFO [carts,,,] 7 --- [           main] o.s.w.s.handler.SimpleUrlHandlerMapping  : Mapped URL path [/actuator/] onto handler of type [class org.springframework.web.servlet.resource.ResourceHttpRequestHandler]
2021-03-18 21:34:21.874  INFO [carts,,,] 7 --- [           main] o.s.w.s.handler.SimpleUrlHandlerMapping  : Mapped URL path [/actuator/**] onto handler of type [class org.springframework.web.servlet.resource.ResourceHttpRequestHandler]
2021-03-18 21:34:21.945  INFO [carts,,,] 7 --- [           main] .m.m.a.ExceptionHandlerExceptionResolver : Detected @ExceptionHandler methods in repositoryRestExceptionHandler
2021-03-18 21:34:21.945  INFO [carts,,,] 7 --- [           main] .m.m.a.ExceptionHandlerExceptionResolver : Detected ResponseBodyAdvice implementation in org.springframework.boot.actuate.autoconfigure.EndpointWebMvcHypermediaManagementContextConfiguration$ActuatorEndpointLinksAdvice
2021-03-18 21:34:22.109  INFO [carts,,,] 7 --- [           main] o.s.w.s.handler.SimpleUrlHandlerMapping  : Mapped URL path [/**/favicon.ico] onto handler of type [class org.springframework.web.servlet.resource.ResourceHttpRequestHandler]
