



 _____            _              ______             _    ______      __                             
/  ___|          (_)             | ___ \           | |   | ___ \    / _|                            
\ `--. _ __  _ __ _ _ __   __ _  | |_/ / ___   ___ | |_  | |_/ /___| |_ ___ _ __ ___ _ __   ___ ___ 
 `--. \ '_ \| '__| | '_ \ / _` | | ___ \/ _ \ / _ \| __| |    // _ \  _/ _ \ '__/ _ \ '_ \ / __/ _ \
/\__/ / |_) | |  | | | | | (_| | | |_/ / (_) | (_) | |_  | |\ \  __/ ||  __/ | |  __/ | | | (_|  __/
\____/| .__/|_|  |_|_| |_|\__, | \____/ \___/ \___/ \__| \_| \_\___|_| \___|_|  \___|_| |_|\___\___|
      | |                  __/ |                                                                    
      |_|                 |___/                                                                     



 :: Application Version :: (1.1.0-SNAPSHOT-0)
 :: Spring Boot Version :: (2.1.4.RELEASE)
                                                                                       
2021-04-01 21:20:20.328  INFO 1 --- [           main] de.dlh.lhind.springboot.app.Application  : Starting Application v1.1.0-SNAPSHOT on 6a55cfed732e with PID 1 (/app.jar started by root in /)
2021-04-01 21:20:20.344 DEBUG 1 --- [           main] de.dlh.lhind.springboot.app.Application  : Running with Spring Boot v2.1.4.RELEASE, Spring v5.1.6.RELEASE
2021-04-01 21:20:20.345  INFO 1 --- [           main] de.dlh.lhind.springboot.app.Application  : The following profiles are active: security
2021-04-01 21:20:23.135  INFO 1 --- [           main] .s.d.r.c.RepositoryConfigurationDelegate : Bootstrapping Spring Data repositories in DEFAULT mode.
2021-04-01 21:20:23.388  INFO 1 --- [           main] .s.d.r.c.RepositoryConfigurationDelegate : Finished Spring Data repository scanning in 234ms. Found 2 repository interfaces.
2021-04-01 21:20:24.384  INFO 1 --- [           main] trationDelegate$BeanPostProcessorChecker : Bean 'springAOPConfiguration' of type [de.dlh.lhind.springboot.base.configuration.aop.SpringAOPConfiguration$$EnhancerBySpringCGLIB$$7c4e3af6] is not eligible for getting processed by all BeanPostProcessors (for example: not eligible for auto-proxying)
2021-04-01 21:20:24.404  INFO 1 --- [           main] trationDelegate$BeanPostProcessorChecker : Bean 'customizableTraceInterceptor' of type [org.springframework.aop.interceptor.CustomizableTraceInterceptor] is not eligible for getting processed by all BeanPostProcessors (for example: not eligible for auto-proxying)
2021-04-01 21:20:24.407  INFO 1 --- [           main] trationDelegate$BeanPostProcessorChecker : Bean 'customizableTraceAdvisor' of type [org.springframework.aop.support.DefaultPointcutAdvisor] is not eligible for getting processed by all BeanPostProcessors (for example: not eligible for auto-proxying)
2021-04-01 21:20:24.517  INFO 1 --- [           main] trationDelegate$BeanPostProcessorChecker : Bean 'org.springframework.transaction.annotation.ProxyTransactionManagementConfiguration' of type [org.springframework.transaction.annotation.ProxyTransactionManagementConfiguration$$EnhancerBySpringCGLIB$$66570e58] is not eligible for getting processed by all BeanPostProcessors (for example: not eligible for auto-proxying)
2021-04-01 21:20:24.750  INFO 1 --- [           main] trationDelegate$BeanPostProcessorChecker : Bean 'org.springframework.security.config.annotation.configuration.ObjectPostProcessorConfiguration' of type [org.springframework.security.config.annotation.configuration.ObjectPostProcessorConfiguration$$EnhancerBySpringCGLIB$$ff04d692] is not eligible for getting processed by all BeanPostProcessors (for example: not eligible for auto-proxying)
2021-04-01 21:20:24.762  INFO 1 --- [           main] trationDelegate$BeanPostProcessorChecker : Bean 'objectPostProcessor' of type [org.springframework.security.config.annotation.configuration.AutowireBeanFactoryObjectPostProcessor] is not eligible for getting processed by all BeanPostProcessors (for example: not eligible for auto-proxying)
2021-04-01 21:20:24.768  INFO 1 --- [           main] trationDelegate$BeanPostProcessorChecker : Bean 'org.springframework.security.access.expression.method.DefaultMethodSecurityExpressionHandler@5a4bef8' of type [org.springframework.security.access.expression.method.DefaultMethodSecurityExpressionHandler] is not eligible for getting processed by all BeanPostProcessors (for example: not eligible for auto-proxying)
2021-04-01 21:20:24.776  INFO 1 --- [           main] trationDelegate$BeanPostProcessorChecker : Bean 'org.springframework.security.config.annotation.method.configuration.GlobalMethodSecurityConfiguration' of type [org.springframework.security.config.annotation.method.configuration.GlobalMethodSecurityConfiguration$$EnhancerBySpringCGLIB$$23d97944] is not eligible for getting processed by all BeanPostProcessors (for example: not eligible for auto-proxying)
2021-04-01 21:20:24.790  INFO 1 --- [           main] trationDelegate$BeanPostProcessorChecker : Bean 'methodSecurityMetadataSource' of type [org.springframework.security.access.method.DelegatingMethodSecurityMetadataSource] is not eligible for getting processed by all BeanPostProcessors (for example: not eligible for auto-proxying)
2021-04-01 21:20:24.826  INFO 1 --- [           main] .s.b.c.m.PerformanceMetricsConfiguration : PerformanceMetricsConfiguration is initialized.
2021-04-01 21:20:24.827  INFO 1 --- [           main] trationDelegate$BeanPostProcessorChecker : Bean 'performanceMetricsConfiguration' of type [de.dlh.lhind.springboot.base.configuration.metrics.PerformanceMetricsConfiguration$$EnhancerBySpringCGLIB$$9944e769] is not eligible for getting processed by all BeanPostProcessors (for example: not eligible for auto-proxying)
2021-04-01 21:20:24.891  INFO 1 --- [           main] trationDelegate$BeanPostProcessorChecker : Bean 'com.ryantenney.metrics.spring.config.annotation.DelegatingMetricsConfiguration' of type [com.ryantenney.metrics.spring.config.annotation.DelegatingMetricsConfiguration$$EnhancerBySpringCGLIB$$da977af3] is not eligible for getting processed by all BeanPostProcessors (for example: not eligible for auto-proxying)
2021-04-01 21:20:24.918  INFO 1 --- [           main] .s.b.c.m.PerformanceMetricsConfiguration : Configuring JMX based performance metrics...
2021-04-01 21:20:24.930  INFO 1 --- [           main] trationDelegate$BeanPostProcessorChecker : Bean 'getMetricRegistry' of type [com.codahale.metrics.MetricRegistry] is not eligible for getting processed by all BeanPostProcessors (for example: not eligible for auto-proxying)
2021-04-01 21:20:25.008  INFO 1 --- [           main] trationDelegate$BeanPostProcessorChecker : Bean 'getHealthCheckRegistry' of type [com.codahale.metrics.health.HealthCheckRegistry] is not eligible for getting processed by all BeanPostProcessors (for example: not eligible for auto-proxying)
2021-04-01 21:20:25.067  INFO 1 --- [           main] trationDelegate$BeanPostProcessorChecker : Bean 'org.springframework.hateoas.config.HateoasConfiguration' of type [org.springframework.hateoas.config.HateoasConfiguration$$EnhancerBySpringCGLIB$$e5d75b8a] is not eligible for getting processed by all BeanPostProcessors (for example: not eligible for auto-proxying)
2021-04-01 21:20:25.094  INFO 1 --- [           main] d.d.l.s.b.c.tomcat.TomcatConfiguration   : TomcatConfiguration is initialized.
2021-04-01 21:20:25.107  INFO 1 --- [           main] d.d.l.s.b.c.tomcat.TomcatConfiguration   : server.tomcat.jvmroute: dev
2021-04-01 21:20:25.959  INFO 1 --- [           main] o.s.b.w.embedded.tomcat.TomcatWebServer  : Tomcat initialized with port(s): 8443 (https)
2021-04-01 21:20:26.046  INFO 1 --- [           main] o.apache.catalina.core.StandardService   : Starting service [Tomcat]
2021-04-01 21:20:26.047  INFO 1 --- [           main] org.apache.catalina.core.StandardEngine  : Starting Servlet engine: [Apache Tomcat/9.0.17]
2021-04-01 21:20:26.208  INFO 1 --- [           main] o.a.c.c.C.[Tomcat].[localhost].[/app]    : Initializing Spring embedded WebApplicationContext
2021-04-01 21:20:26.209  INFO 1 --- [           main] o.s.web.context.ContextLoader            : Root WebApplicationContext: initialization completed in 5599 ms
2021-04-01 21:20:26.219  INFO 1 --- [           main] d.d.l.s.b.c.w.WebConfigurationAdapter    : WebConfigurationAdapter is initalized.
2021-04-01 21:20:27.406  INFO 1 --- [           main] s.b.c.s.ApplicationSecurityConfiguration : ApplicationSecurityConfiguration is initialized.
2021-04-01 21:20:27.468  INFO 1 --- [           main] d.d.l.s.b.c.l.RequestLoggerConfiguration : RequestLoggerConfiguration is initialized.
2021-04-01 21:20:27.950  INFO 1 --- [           main] com.zaxxer.hikari.HikariDataSource       : HikariPool-1 - Starting...
2021-04-01 21:20:28.065  INFO 1 --- [           main] com.zaxxer.hikari.HikariDataSource       : HikariPool-1 - Start completed.
2021-04-01 21:20:29.024  INFO 1 --- [           main] liquibase.executor.jvm.JdbcExecutor      : SELECT COUNT(*) FROM springbootdb.DATABASECHANGELOGLOCK
2021-04-01 21:20:29.056  INFO 1 --- [           main] liquibase.executor.jvm.JdbcExecutor      : CREATE TABLE springbootdb.DATABASECHANGELOGLOCK (ID INT NOT NULL, `LOCKED` BIT(1) NOT NULL, LOCKGRANTED datetime NULL, LOCKEDBY VARCHAR(255) NULL, CONSTRAINT PK_DATABASECHANGELOGLOCK PRIMARY KEY (ID))
2021-04-01 21:20:29.090  INFO 1 --- [           main] liquibase.executor.jvm.JdbcExecutor      : SELECT COUNT(*) FROM springbootdb.DATABASECHANGELOGLOCK
2021-04-01 21:20:29.107  INFO 1 --- [           main] liquibase.executor.jvm.JdbcExecutor      : DELETE FROM springbootdb.DATABASECHANGELOGLOCK
2021-04-01 21:20:29.109  INFO 1 --- [           main] liquibase.executor.jvm.JdbcExecutor      : INSERT INTO springbootdb.DATABASECHANGELOGLOCK (ID, `LOCKED`) VALUES (1, 0)
2021-04-01 21:20:29.139  INFO 1 --- [           main] liquibase.executor.jvm.JdbcExecutor      : SELECT `LOCKED` FROM springbootdb.DATABASECHANGELOGLOCK WHERE ID=1
2021-04-01 21:20:29.154  INFO 1 --- [           main] l.lockservice.StandardLockService        : Successfully acquired change log lock
2021-04-01 21:20:29.196  INFO 1 --- [           main] l.c.StandardChangeLogHistoryService      : Creating database history table with name: springbootdb.DATABASECHANGELOG
2021-04-01 21:20:29.201  INFO 1 --- [           main] liquibase.executor.jvm.JdbcExecutor      : CREATE TABLE springbootdb.DATABASECHANGELOG (ID VARCHAR(255) NOT NULL, AUTHOR VARCHAR(255) NOT NULL, FILENAME VARCHAR(255) NOT NULL, DATEEXECUTED datetime NOT NULL, ORDEREXECUTED INT NOT NULL, EXECTYPE VARCHAR(10) NOT NULL, MD5SUM VARCHAR(35) NULL, `DESCRIPTION` VARCHAR(255) NULL, COMMENTS VARCHAR(255) NULL, TAG VARCHAR(255) NULL, LIQUIBASE VARCHAR(20) NULL, CONTEXTS VARCHAR(255) NULL, LABELS VARCHAR(255) NULL, DEPLOYMENT_ID VARCHAR(10) NULL)
2021-04-01 21:20:29.222  INFO 1 --- [           main] liquibase.executor.jvm.JdbcExecutor      : SELECT COUNT(*) FROM springbootdb.DATABASECHANGELOG
2021-04-01 21:20:29.224  INFO 1 --- [           main] l.c.StandardChangeLogHistoryService      : Reading from springbootdb.DATABASECHANGELOG
2021-04-01 21:20:29.226  INFO 1 --- [           main] liquibase.executor.jvm.JdbcExecutor      : SELECT * FROM springbootdb.DATABASECHANGELOG ORDER BY DATEEXECUTED ASC, ORDEREXECUTED ASC
2021-04-01 21:20:29.228  INFO 1 --- [           main] liquibase.executor.jvm.JdbcExecutor      : SELECT COUNT(*) FROM springbootdb.DATABASECHANGELOGLOCK
2021-04-01 21:20:29.279  INFO 1 --- [           main] liquibase.executor.jvm.JdbcExecutor      : drop table if exists user_authority
2021-04-01 21:20:29.280  INFO 1 --- [           main] liquibase.executor.jvm.JdbcExecutor      : drop table if exists authority
2021-04-01 21:20:29.281  INFO 1 --- [           main] liquibase.executor.jvm.JdbcExecutor      : drop table if exists user
2021-04-01 21:20:29.282  INFO 1 --- [           main] liquibase.executor.jvm.JdbcExecutor      : drop sequence if exists authority_seq
2021-04-01 21:20:29.283  INFO 1 --- [           main] liquibase.executor.jvm.JdbcExecutor      : drop sequence if exists user_seq
2021-04-01 21:20:29.284  INFO 1 --- [           main] liquibase.executor.jvm.JdbcExecutor      : create table authority (id bigint not null AUTO_INCREMENT, name varchar(50) not null, primary key (id))
2021-04-01 21:20:29.301  INFO 1 --- [           main] liquibase.executor.jvm.JdbcExecutor      : create table user (id bigint not null AUTO_INCREMENT, version int not null, email varchar(50) not null, enabled boolean not null, firstname varchar(50) not null, lastpasswordresetdate timestamp not null, lastname varchar(50) not null, password varchar(100) not null, username varchar(50) not null, primary key (id))
2021-04-01 21:20:29.317  INFO 1 --- [           main] liquibase.executor.jvm.JdbcExecutor      : create table user_authority (user_id bigint not null, authority_id bigint not null)
2021-04-01 21:20:29.333  INFO 1 --- [           main] liquibase.executor.jvm.JdbcExecutor      : alter table user add constraint UK_sb8bbouer5wak8vyiiy4pf2bx unique (username)
2021-04-01 21:20:29.351  INFO 1 --- [           main] liquibase.executor.jvm.JdbcExecutor      : alter table user_authority add constraint FKgvxjs381k6f48d5d2yi11uh89 foreign key (authority_id) references authority (id)
2021-04-01 21:20:29.412  INFO 1 --- [           main] liquibase.executor.jvm.JdbcExecutor      : alter table user_authority add constraint FKpqlsjpkybgos9w2svcri7j8xy foreign key (user_id) references user(id)
2021-04-01 21:20:29.475  INFO 1 --- [           main] liquibase.changelog.ChangeSet            : Custom SQL executed
2021-04-01 21:20:29.476  INFO 1 --- [           main] liquibase.changelog.ChangeSet            : ChangeSet classpath:/db/changelog/db.changelog-master.sql::0.0.1-SNAPSHOT-1::springbootreference ran successfully in 228ms
2021-04-01 21:20:29.479  INFO 1 --- [           main] liquibase.executor.jvm.JdbcExecutor      : SELECT MAX(ORDEREXECUTED) FROM springbootdb.DATABASECHANGELOG
2021-04-01 21:20:31.014  INFO 1 --- [           main] liquibase.executor.jvm.JdbcExecutor      : INSERT INTO springbootdb.DATABASECHANGELOG (ID, AUTHOR, FILENAME, DATEEXECUTED, ORDEREXECUTED, MD5SUM, `DESCRIPTION`, COMMENTS, EXECTYPE, CONTEXTS, LABELS, LIQUIBASE, DEPLOYMENT_ID) VALUES ('0.0.1-SNAPSHOT-1', 'springbootreference', 'classpath:/db/changelog/db.changelog-master.sql', NOW(), 1, '8:28789e346d55f5a19ae74eeac3aef16f', 'sql', '', 'EXECUTED', NULL, NULL, '3.6.3', '7312029228')
2021-04-01 21:20:31.035  INFO 1 --- [           main] liquibase.executor.jvm.JdbcExecutor      : INSERT INTO authority (ID, NAME) VALUES (1, 'ROLE_USER')
2021-04-01 21:20:31.037  INFO 1 --- [           main] liquibase.executor.jvm.JdbcExecutor      : INSERT INTO authority (ID, NAME) VALUES (2, 'ROLE_ADMIN')
2021-04-01 21:20:31.039  INFO 1 --- [           main] liquibase.executor.jvm.JdbcExecutor      : INSERT INTO user (ID, VERSION, USERNAME, PASSWORD, FIRSTNAME, LASTNAME, EMAIL, ENABLED, LASTPASSWORDRESETDATE) VALUES (1, 1, 'admin', '$2a$08$lDnHPz7eUkSi6ao14Twuau08mzhWrL4kyZGGU5xfiGALO/Vxd5DOi', 'admin', 'admin', 'admin@admin.com', 1, str_to_date('Jan 01,2016','%M %e, %Y'))
2021-04-01 21:20:31.045  INFO 1 --- [           main] liquibase.executor.jvm.JdbcExecutor      : INSERT INTO user_authority (USER_ID, AUTHORITY_ID) VALUES (1, 1)
2021-04-01 21:20:31.046  INFO 1 --- [           main] liquibase.executor.jvm.JdbcExecutor      : INSERT INTO user_authority (USER_ID, AUTHORITY_ID) VALUES (1, 2)
2021-04-01 21:20:31.047  INFO 1 --- [           main] liquibase.executor.jvm.JdbcExecutor      : INSERT INTO user (ID, VERSION, USERNAME, PASSWORD, FIRSTNAME, LASTNAME, EMAIL, ENABLED, LASTPASSWORDRESETDATE) VALUES (2, 1, 'user', '$2a$08$UkVvwpULis18S19S5pZFn.YHPZt3oaqHZnDwqbCW9pft6uFtkXKDC', 'user', 'user', 'enabled@user.com', 1, str_to_date('Jan 01,2016','%M %e, %Y'))
2021-04-01 21:20:31.059  INFO 1 --- [           main] liquibase.executor.jvm.JdbcExecutor      : INSERT INTO user_authority (USER_ID, AUTHORITY_ID) VALUES (2, 1)
2021-04-01 21:20:31.064  INFO 1 --- [           main] liquibase.executor.jvm.JdbcExecutor      : INSERT INTO user (ID, VERSION, USERNAME, PASSWORD, FIRSTNAME, LASTNAME, EMAIL, ENABLED, LASTPASSWORDRESETDATE) VALUES (3, 1, 'disabled', '$2a$08$UkVvwpULis18S19S5pZFn.YHPZt3oaqHZnDwqbCW9pft6uFtkXKDC', 'user', 'user', 'disabled@user.com', 0, str_to_date('Jan 01,2016','%M %e, %Y'))
2021-04-01 21:20:31.066  INFO 1 --- [           main] liquibase.executor.jvm.JdbcExecutor      : INSERT INTO user_authority (USER_ID, AUTHORITY_ID) VALUES (3, 1)
2021-04-01 21:20:31.067  INFO 1 --- [           main] liquibase.changelog.ChangeSet            : Custom SQL executed
2021-04-01 21:20:31.070  INFO 1 --- [           main] liquibase.changelog.ChangeSet            : ChangeSet classpath:/db/changelog/db.changelog-master.sql::0.0.1-SNAPSHOT-2::springbootreference ran successfully in 46ms
2021-04-01 21:20:31.073  INFO 1 --- [           main] liquibase.executor.jvm.JdbcExecutor      : INSERT INTO springbootdb.DATABASECHANGELOG (ID, AUTHOR, FILENAME, DATEEXECUTED, ORDEREXECUTED, MD5SUM, `DESCRIPTION`, COMMENTS, EXECTYPE, CONTEXTS, LABELS, LIQUIBASE, DEPLOYMENT_ID) VALUES ('0.0.1-SNAPSHOT-2', 'springbootreference', 'classpath:/db/changelog/db.changelog-master.sql', NOW(), 2, '8:a4a9b9b5b05edf97819002ce21b52e4a', 'sql', '', 'EXECUTED', NULL, NULL, '3.6.3', '7312029228')
2021-04-01 21:20:31.081  INFO 1 --- [           main] l.lockservice.StandardLockService        : Successfully released change log lock
2021-04-01 21:20:31.301  INFO 1 --- [           main] o.hibernate.jpa.internal.util.LogHelper  : HHH000204: Processing PersistenceUnitInfo [
	name: default
	...]
2021-04-01 21:20:31.470  INFO 1 --- [           main] org.hibernate.Version                    : HHH000412: Hibernate Core {5.3.9.Final}
2021-04-01 21:20:31.475  INFO 1 --- [           main] org.hibernate.cfg.Environment            : HHH000206: hibernate.properties not found
2021-04-01 21:20:31.814  INFO 1 --- [           main] o.hibernate.annotations.common.Version   : HCANN000001: Hibernate Commons Annotations {5.0.4.Final}
2021-04-01 21:20:32.414  INFO 1 --- [           main] org.hibernate.dialect.Dialect            : HHH000400: Using dialect: org.hibernate.dialect.MariaDB103Dialect
2021-04-01 21:20:33.796  INFO 1 --- [           main] j.LocalContainerEntityManagerFactoryBean : Initialized JPA EntityManagerFactory for persistence unit 'default'
2021-04-01 21:20:34.755  INFO 1 --- [           main] o.s.b.a.e.web.ServletEndpointRegistrar   : Registered '/management/jolokia' to jolokia-actuator-endpoint
2021-04-01 21:20:34.786 DEBUG 1 --- [           main] d.d.l.s.b.r.CaseInsensitiveRequestFilter : Filter 'caseInsensitiveRequestFilter' configured for use
2021-04-01 21:20:34.787 DEBUG 1 --- [           main] d.l.s.b.c.s.JwtAuthenticationTokenFilter : Filter 'authenticationTokenFilterBean' configured for use
2021-04-01 21:20:35.051 DEBUG 1 --- [           main] d.d.l.s.b.e.ApplicationErrorAttributes   : ControllerAdvice beans: none
2021-04-01 21:20:35.498  INFO 1 --- [           main] o.s.s.web.DefaultSecurityFilterChain     : Creating filter chain: any request, [org.springframework.security.web.context.request.async.WebAsyncManagerIntegrationFilter@7caf1e5, org.springframework.security.web.context.SecurityContextPersistenceFilter@48cdb156, org.springframework.security.web.header.HeaderWriterFilter@17fbfb02, org.springframework.web.filter.CorsFilter@5c234920, org.springframework.security.web.authentication.logout.LogoutFilter@5a47730c, de.dlh.lhind.springboot.base.configuration.security.JwtAuthenticationTokenFilter@6169be09, org.springframework.security.web.savedrequest.RequestCacheAwareFilter@4ae8fb2a, org.springframework.security.web.servletapi.SecurityContextHolderAwareRequestFilter@267891bf, org.springframework.security.web.authentication.AnonymousAuthenticationFilter@7ddeb27f, org.springframework.security.web.session.SessionManagementFilter@5e9bf744, org.springframework.security.web.access.ExceptionTranslationFilter@388be5fd, org.springframework.security.web.access.intercept.FilterSecurityInterceptor@59b492ec]
2021-04-01 21:20:36.089  INFO 1 --- [           main] o.s.s.concurrent.ThreadPoolTaskExecutor  : Initializing ExecutorService 'applicationTaskExecutor'
2021-04-01 21:20:36.177  WARN 1 --- [           main] aWebConfiguration$JpaWebMvcConfiguration : spring.jpa.open-in-view is enabled by default. Therefore, database queries may be performed during view rendering. Explicitly configure spring.jpa.open-in-view to disable this warning
2021-04-01 21:20:37.338  INFO 1 --- [           main] o.s.b.a.e.web.EndpointLinksResolver      : Exposing 17 endpoint(s) beneath base path '/management'
2021-04-01 21:20:37.439  INFO 1 --- [           main] o.s.s.c.ThreadPoolTaskScheduler          : Initializing ExecutorService 'taskScheduler'
2021-04-01 21:20:38.681  INFO 1 --- [           main] o.s.b.w.embedded.tomcat.TomcatWebServer  : Tomcat started on port(s): 8443 (https) with context path '/app'
2021-04-01 21:20:38.689  INFO 1 --- [           main] de.dlh.lhind.springboot.app.Application  : Started Application in 20.402 seconds (JVM running for 21.702)
2021-04-01 21:20:38.713 DEBUG 1 --- [           main] d.d.l.s.b.c.l.StartConfigurationLogger   : System Property - PID: 1
2021-04-01 21:20:38.714 DEBUG 1 --- [           main] d.d.l.s.b.c.l.StartConfigurationLogger   : System Property - awt.toolkit: sun.awt.X11.XToolkit
2021-04-01 21:20:38.714 DEBUG 1 --- [           main] d.d.l.s.b.c.l.StartConfigurationLogger   : System Property - catalina.base: /
2021-04-01 21:20:38.714 DEBUG 1 --- [           main] d.d.l.s.b.c.l.StartConfigurationLogger   : System Property - catalina.home: /
2021-04-01 21:20:38.715 DEBUG 1 --- [           main] d.d.l.s.b.c.l.StartConfigurationLogger   : System Property - catalina.useNaming: false
2021-04-01 21:20:38.717 DEBUG 1 --- [           main] d.d.l.s.b.c.l.StartConfigurationLogger   : System Property - com.zaxxer.hikari.pool_number: 1
2021-04-01 21:20:38.719 DEBUG 1 --- [           main] d.d.l.s.b.c.l.StartConfigurationLogger   : System Property - file.encoding: UTF-8
2021-04-01 21:20:38.719 DEBUG 1 --- [           main] d.d.l.s.b.c.l.StartConfigurationLogger   : System Property - file.separator: /
2021-04-01 21:20:38.719 DEBUG 1 --- [           main] d.d.l.s.b.c.l.StartConfigurationLogger   : System Property - java.awt.graphicsenv: sun.awt.X11GraphicsEnvironment
2021-04-01 21:20:38.719 DEBUG 1 --- [           main] d.d.l.s.b.c.l.StartConfigurationLogger   : System Property - java.awt.headless: true
2021-04-01 21:20:38.719 DEBUG 1 --- [           main] d.d.l.s.b.c.l.StartConfigurationLogger   : System Property - java.class.path: /app.jar
2021-04-01 21:20:38.719 DEBUG 1 --- [           main] d.d.l.s.b.c.l.StartConfigurationLogger   : System Property - java.class.version: 56.0
2021-04-01 21:20:38.720 DEBUG 1 --- [           main] d.d.l.s.b.c.l.StartConfigurationLogger   : System Property - java.home: /usr/java/openjdk-12
2021-04-01 21:20:38.720 DEBUG 1 --- [           main] d.d.l.s.b.c.l.StartConfigurationLogger   : System Property - java.io.tmpdir: /tmp
2021-04-01 21:20:38.720 DEBUG 1 --- [           main] d.d.l.s.b.c.l.StartConfigurationLogger   : System Property - java.library.path: /usr/java/packages/lib:/usr/lib64:/lib64:/lib:/usr/lib
2021-04-01 21:20:38.721 DEBUG 1 --- [           main] d.d.l.s.b.c.l.StartConfigurationLogger   : System Property - java.protocol.handler.pkgs: org.springframework.boot.loader
2021-04-01 21:20:38.722 DEBUG 1 --- [           main] d.d.l.s.b.c.l.StartConfigurationLogger   : System Property - java.runtime.name: OpenJDK Runtime Environment
2021-04-01 21:20:38.722 DEBUG 1 --- [           main] d.d.l.s.b.c.l.StartConfigurationLogger   : System Property - java.runtime.version: 12.0.2+10
2021-04-01 21:20:38.723 DEBUG 1 --- [           main] d.d.l.s.b.c.l.StartConfigurationLogger   : System Property - java.security.egd: file:/dev/./urandom
2021-04-01 21:20:38.723 DEBUG 1 --- [           main] d.d.l.s.b.c.l.StartConfigurationLogger   : System Property - java.specification.name: Java Platform API Specification
2021-04-01 21:20:38.723 DEBUG 1 --- [           main] d.d.l.s.b.c.l.StartConfigurationLogger   : System Property - java.specification.vendor: Oracle Corporation
2021-04-01 21:20:38.723 DEBUG 1 --- [           main] d.d.l.s.b.c.l.StartConfigurationLogger   : System Property - java.specification.version: 12
2021-04-01 21:20:38.724 DEBUG 1 --- [           main] d.d.l.s.b.c.l.StartConfigurationLogger   : System Property - java.vendor: Oracle Corporation
2021-04-01 21:20:38.724 DEBUG 1 --- [           main] d.d.l.s.b.c.l.StartConfigurationLogger   : System Property - java.vendor.url: https://java.oracle.com/
2021-04-01 21:20:38.724 DEBUG 1 --- [           main] d.d.l.s.b.c.l.StartConfigurationLogger   : System Property - java.vendor.url.bug: https://bugreport.java.com/bugreport/
2021-04-01 21:20:38.724 DEBUG 1 --- [           main] d.d.l.s.b.c.l.StartConfigurationLogger   : System Property - java.version: 12.0.2
2021-04-01 21:20:38.724 DEBUG 1 --- [           main] d.d.l.s.b.c.l.StartConfigurationLogger   : System Property - java.version.date: 2019-07-16
2021-04-01 21:20:38.725 DEBUG 1 --- [           main] d.d.l.s.b.c.l.StartConfigurationLogger   : System Property - java.vm.compressedOopsMode: Zero based
2021-04-01 21:20:38.725 DEBUG 1 --- [           main] d.d.l.s.b.c.l.StartConfigurationLogger   : System Property - java.vm.info: mixed mode, sharing
2021-04-01 21:20:38.725 DEBUG 1 --- [           main] d.d.l.s.b.c.l.StartConfigurationLogger   : System Property - java.vm.name: OpenJDK 64-Bit Server VM
2021-04-01 21:20:38.728 DEBUG 1 --- [           main] d.d.l.s.b.c.l.StartConfigurationLogger   : System Property - java.vm.specification.name: Java Virtual Machine Specification
2021-04-01 21:20:38.728 DEBUG 1 --- [           main] d.d.l.s.b.c.l.StartConfigurationLogger   : System Property - java.vm.specification.vendor: Oracle Corporation
2021-04-01 21:20:38.728 DEBUG 1 --- [           main] d.d.l.s.b.c.l.StartConfigurationLogger   : System Property - java.vm.specification.version: 12
2021-04-01 21:20:38.728 DEBUG 1 --- [           main] d.d.l.s.b.c.l.StartConfigurationLogger   : System Property - java.vm.vendor: Oracle Corporation
2021-04-01 21:20:38.728 DEBUG 1 --- [           main] d.d.l.s.b.c.l.StartConfigurationLogger   : System Property - java.vm.version: 12.0.2+10
2021-04-01 21:20:38.729 DEBUG 1 --- [           main] d.d.l.s.b.c.l.StartConfigurationLogger   : System Property - jdk.debug: release
2021-04-01 21:20:38.729 DEBUG 1 --- [           main] d.d.l.s.b.c.l.StartConfigurationLogger   : System Property - jvmRoute: dev
2021-04-01 21:20:38.729 DEBUG 1 --- [           main] d.d.l.s.b.c.l.StartConfigurationLogger   : System Property - line.separator: 

2021-04-01 21:20:38.729 DEBUG 1 --- [           main] d.d.l.s.b.c.l.StartConfigurationLogger   : System Property - os.arch: amd64
2021-04-01 21:20:38.729 DEBUG 1 --- [           main] d.d.l.s.b.c.l.StartConfigurationLogger   : System Property - os.name: Linux
2021-04-01 21:20:38.729 DEBUG 1 --- [           main] d.d.l.s.b.c.l.StartConfigurationLogger   : System Property - os.version: 5.4.72-microsoft-standard-WSL2
2021-04-01 21:20:38.729 DEBUG 1 --- [           main] d.d.l.s.b.c.l.StartConfigurationLogger   : System Property - path.separator: :
2021-04-01 21:20:38.730 DEBUG 1 --- [           main] d.d.l.s.b.c.l.StartConfigurationLogger   : System Property - spring.beaninfo.ignore: true
2021-04-01 21:20:38.730 DEBUG 1 --- [           main] d.d.l.s.b.c.l.StartConfigurationLogger   : System Property - sun.arch.data.model: 64
2021-04-01 21:20:38.730 DEBUG 1 --- [           main] d.d.l.s.b.c.l.StartConfigurationLogger   : System Property - sun.boot.library.path: /usr/java/openjdk-12/lib
2021-04-01 21:20:38.730 DEBUG 1 --- [           main] d.d.l.s.b.c.l.StartConfigurationLogger   : System Property - sun.cpu.endian: little
2021-04-01 21:20:38.730 DEBUG 1 --- [           main] d.d.l.s.b.c.l.StartConfigurationLogger   : System Property - sun.io.unicode.encoding: UnicodeLittle
2021-04-01 21:20:38.730 DEBUG 1 --- [           main] d.d.l.s.b.c.l.StartConfigurationLogger   : System Property - sun.java.command: /app.jar
2021-04-01 21:20:38.730 DEBUG 1 --- [           main] d.d.l.s.b.c.l.StartConfigurationLogger   : System Property - sun.java.launcher: SUN_STANDARD
2021-04-01 21:20:38.731 DEBUG 1 --- [           main] d.d.l.s.b.c.l.StartConfigurationLogger   : System Property - sun.jnu.encoding: UTF-8
2021-04-01 21:20:38.731 DEBUG 1 --- [           main] d.d.l.s.b.c.l.StartConfigurationLogger   : System Property - sun.management.compiler: HotSpot 64-Bit Tiered Compilers
2021-04-01 21:20:38.731 DEBUG 1 --- [           main] d.d.l.s.b.c.l.StartConfigurationLogger   : System Property - user.country: US
2021-04-01 21:20:38.731 DEBUG 1 --- [           main] d.d.l.s.b.c.l.StartConfigurationLogger   : System Property - user.dir: /
2021-04-01 21:20:38.731 DEBUG 1 --- [           main] d.d.l.s.b.c.l.StartConfigurationLogger   : System Property - user.home: /root
2021-04-01 21:20:38.731 DEBUG 1 --- [           main] d.d.l.s.b.c.l.StartConfigurationLogger   : System Property - user.language: en
2021-04-01 21:20:38.732 DEBUG 1 --- [           main] d.d.l.s.b.c.l.StartConfigurationLogger   : System Property - user.name: root
2021-04-01 21:20:38.732 DEBUG 1 --- [           main] d.d.l.s.b.c.l.StartConfigurationLogger   : System Property - user.timezone: GMT
2021-04-01 21:20:38.732 DEBUG 1 --- [           main] d.d.l.s.b.c.l.StartConfigurationLogger   : Spring Environment Property - application.name: LHIND Spring Boot Reference Application
2021-04-01 21:20:38.732 DEBUG 1 --- [           main] d.d.l.s.b.c.l.StartConfigurationLogger   : Spring Environment Property - application.version: 1.1.0-SNAPSHOT-0
2021-04-01 21:20:38.732 DEBUG 1 --- [           main] d.d.l.s.b.c.l.StartConfigurationLogger   : Spring Environment Property - endpoints.sensitive: true
2021-04-01 21:20:38.732 DEBUG 1 --- [           main] d.d.l.s.b.c.l.StartConfigurationLogger   : Spring Environment Property - jolokia.config.debug: true
2021-04-01 21:20:38.733 DEBUG 1 --- [           main] d.d.l.s.b.c.l.StartConfigurationLogger   : Spring Environment Property - logging.threshold.console: OFF
2021-04-01 21:20:38.733 DEBUG 1 --- [           main] d.d.l.s.b.c.l.StartConfigurationLogger   : Spring Environment Property - management.endpoint.sessions.enabled: false
2021-04-01 21:20:38.733 DEBUG 1 --- [           main] d.d.l.s.b.c.l.StartConfigurationLogger   : Spring Environment Property - management.endpoint.shutdown.enabled: false
2021-04-01 21:20:38.733 DEBUG 1 --- [           main] d.d.l.s.b.c.l.StartConfigurationLogger   : Spring Environment Property - management.endpoints.web.base-path: /management
2021-04-01 21:20:38.733 DEBUG 1 --- [           main] d.d.l.s.b.c.l.StartConfigurationLogger   : Spring Environment Property - management.endpoints.web.exposure.include: *
2021-04-01 21:20:38.733 DEBUG 1 --- [           main] d.d.l.s.b.c.l.StartConfigurationLogger   : Spring Environment Property - management.security.enabled: false
2021-04-01 21:20:38.733 DEBUG 1 --- [           main] d.d.l.s.b.c.l.StartConfigurationLogger   : Spring Environment Property - management.server.add-application-context-header: false
2021-04-01 21:20:38.734 DEBUG 1 --- [           main] d.d.l.s.b.c.l.StartConfigurationLogger   : Spring Environment Property - multipart.maxFileSize: 5Mb
2021-04-01 21:20:38.734 DEBUG 1 --- [           main] d.d.l.s.b.c.l.StartConfigurationLogger   : Spring Environment Property - multipart.maxRequestSize: 20Mb
2021-04-01 21:20:38.734 DEBUG 1 --- [           main] d.d.l.s.b.c.l.StartConfigurationLogger   : Spring Environment Property - security.jwt.expiration: 7200
2021-04-01 21:20:38.734 DEBUG 1 --- [           main] d.d.l.s.b.c.l.StartConfigurationLogger   : Spring Environment Property - security.jwt.header: Authorization
2021-04-01 21:20:38.734 DEBUG 1 --- [           main] d.d.l.s.b.c.l.StartConfigurationLogger   : Spring Environment Property - security.jwt.secret: thisisasecret
2021-04-01 21:20:38.734 DEBUG 1 --- [           main] d.d.l.s.b.c.l.StartConfigurationLogger   : Spring Environment Property - server.ajp.async-timeout: 60000
2021-04-01 21:20:38.734 DEBUG 1 --- [           main] d.d.l.s.b.c.l.StartConfigurationLogger   : Spring Environment Property - server.ajp.enabled: false
2021-04-01 21:20:38.735 DEBUG 1 --- [           main] d.d.l.s.b.c.l.StartConfigurationLogger   : Spring Environment Property - server.ajp.port: 9080
2021-04-01 21:20:38.735 DEBUG 1 --- [           main] d.d.l.s.b.c.l.StartConfigurationLogger   : Spring Environment Property - server.port: 8443
2021-04-01 21:20:38.735 DEBUG 1 --- [           main] d.d.l.s.b.c.l.StartConfigurationLogger   : Spring Environment Property - server.ssl.key-store: classpath:application.p12
2021-04-01 21:20:38.735 DEBUG 1 --- [           main] d.d.l.s.b.c.l.StartConfigurationLogger   : Spring Environment Property - server.ssl.key-store-password: changeit
2021-04-01 21:20:38.735 DEBUG 1 --- [           main] d.d.l.s.b.c.l.StartConfigurationLogger   : Spring Environment Property - server.ssl.keyStoreType: PKCS12
2021-04-01 21:20:38.735 DEBUG 1 --- [           main] d.d.l.s.b.c.l.StartConfigurationLogger   : Spring Environment Property - server.tomcat.accesslog.directory: logs
2021-04-01 21:20:38.736 DEBUG 1 --- [           main] d.d.l.s.b.c.l.StartConfigurationLogger   : Spring Environment Property - server.tomcat.accesslog.enabled: true
2021-04-01 21:20:38.736 DEBUG 1 --- [           main] d.d.l.s.b.c.l.StartConfigurationLogger   : Spring Environment Property - server.tomcat.accesslog.pattern: %h %l %u %t "%r" %s %b %D
2021-04-01 21:20:38.736 DEBUG 1 --- [           main] d.d.l.s.b.c.l.StartConfigurationLogger   : Spring Environment Property - server.tomcat.basedir: .
2021-04-01 21:20:38.736 DEBUG 1 --- [           main] d.d.l.s.b.c.l.StartConfigurationLogger   : Spring Environment Property - server.tomcat.jvmroute: dev
2021-04-01 21:20:38.736 DEBUG 1 --- [           main] d.d.l.s.b.c.l.StartConfigurationLogger   : Spring Environment Property - spring.datasource.default-auto-commit: false
2021-04-01 21:20:38.736 DEBUG 1 --- [           main] d.d.l.s.b.c.l.StartConfigurationLogger   : Spring Environment Property - spring.datasource.driver-class-name: org.mariadb.jdbc.Driver
2021-04-01 21:20:38.736 DEBUG 1 --- [           main] d.d.l.s.b.c.l.StartConfigurationLogger   : Spring Environment Property - spring.datasource.initial-size: 2
2021-04-01 21:20:38.736 DEBUG 1 --- [           main] d.d.l.s.b.c.l.StartConfigurationLogger   : Spring Environment Property - spring.datasource.jmx-enabled: true
2021-04-01 21:20:38.737 DEBUG 1 --- [           main] d.d.l.s.b.c.l.StartConfigurationLogger   : Spring Environment Property - spring.datasource.maximum-pool-size: 50
2021-04-01 21:20:38.737 DEBUG 1 --- [           main] d.d.l.s.b.c.l.StartConfigurationLogger   : Spring Environment Property - spring.datasource.password: usr_password
2021-04-01 21:20:38.737 DEBUG 1 --- [           main] d.d.l.s.b.c.l.StartConfigurationLogger   : Spring Environment Property - spring.datasource.test-on-borrow: true
2021-04-01 21:20:38.737 DEBUG 1 --- [           main] d.d.l.s.b.c.l.StartConfigurationLogger   : Spring Environment Property - spring.datasource.url: jdbc:mariadb://database:3306/springbootdb
2021-04-01 21:20:38.738 DEBUG 1 --- [           main] d.d.l.s.b.c.l.StartConfigurationLogger   : Spring Environment Property - spring.datasource.username: usr_application
2021-04-01 21:20:38.738 DEBUG 1 --- [           main] d.d.l.s.b.c.l.StartConfigurationLogger   : Spring Environment Property - spring.datasource.validation-query: select 1 from dual
2021-04-01 21:20:38.741 DEBUG 1 --- [           main] d.d.l.s.b.c.l.StartConfigurationLogger   : Spring Environment Property - spring.jpa.hibernate.ddl-auto: validate
2021-04-01 21:20:38.742 DEBUG 1 --- [           main] d.d.l.s.b.c.l.StartConfigurationLogger   : Spring Environment Property - spring.liquibase.change-log: classpath:/db/changelog/db.changelog-master.sql
2021-04-01 21:20:38.744 DEBUG 1 --- [           main] d.d.l.s.b.c.l.StartConfigurationLogger   : Spring Environment Property - spring.liquibase.enabled: true
2021-04-01 21:20:38.744 DEBUG 1 --- [           main] d.d.l.s.b.c.l.StartConfigurationLogger   : Spring Environment Property - spring.main.banner-mode: log