



 _____            _              ______             _    ______      __                             
/  ___|          (_)             | ___ \           | |   | ___ \    / _|                            
\ `--. _ __  _ __ _ _ __   __ _  | |_/ / ___   ___ | |_  | |_/ /___| |_ ___ _ __ ___ _ __   ___ ___ 
 `--. \ '_ \| '__| | '_ \ / _` | | ___ \/ _ \ / _ \| __| |    // _ \  _/ _ \ '__/ _ \ '_ \ / __/ _ \
/\__/ / |_) | |  | | | | | (_| | | |_/ / (_) | (_) | |_  | |\ \  __/ ||  __/ | |  __/ | | | (_|  __/
\____/| .__/|_|  |_|_| |_|\__, | \____/ \___/ \___/ \__| \_| \_\___|_| \___|_|  \___|_| |_|\___\___|
      | |                  __/ |                                                                    
      |_|                 |___/                                                                     



 :: Application Version :: (1.1.0-SNAPSHOT-0)
 :: Spring Boot Version :: (2.1.4.RELEASE)
                                                                                       
2021-04-01 21:20:20.328  INFO 1 --- [           main] de.dlh.lhind.springboot.app.Application  : Starting Application v1.1.0-SNAPSHOT on 6a55cfed732e with PID 1 (/app.jar started by root in /)
2021-04-01 21:20:20.344 DEBUG 1 --- [           main] de.dlh.lhind.springboot.app.Application  : Running with Spring Boot v2.1.4.RELEASE, Spring v5.1.6.RELEASE
2021-04-01 21:20:20.345  INFO 1 --- [           main] de.dlh.lhind.springboot.app.Application  : The following profiles are active: security
2021-04-01 21:20:23.135  INFO 1 --- [           main] .s.d.r.c.RepositoryConfigurationDelegate : Bootstrapping Spring Data repositories in DEFAULT mode.
2021-04-01 21:20:23.388  INFO 1 --- [           main] .s.d.r.c.RepositoryConfigurationDelegate : Finished Spring Data repository scanning in 234ms. Found 2 repository interfaces.
2021-04-01 21:20:24.384  INFO 1 --- [           main] trationDelegate$BeanPostProcessorChecker : Bean 'springAOPConfiguration' of type [de.dlh.lhind.springboot.base.configuration.aop.SpringAOPConfiguration$$EnhancerBySpringCGLIB$$7c4e3af6] is not eligible for getting processed by all BeanPostProcessors (for example: not eligible for auto-proxying)
2021-04-01 21:20:24.404  INFO 1 --- [           main] trationDelegate$BeanPostProcessorChecker : Bean 'customizableTraceInterceptor' of type [org.springframework.aop.interceptor.CustomizableTraceInterceptor] is not eligible for getting processed by all BeanPostProcessors (for example: not eligible for auto-proxying)
2021-04-01 21:20:24.407  INFO 1 --- [           main] trationDelegate$BeanPostProcessorChecker : Bean 'customizableTraceAdvisor' of type [org.springframework.aop.support.DefaultPointcutAdvisor] is not eligible for getting processed by all BeanPostProcessors (for example: not eligible for auto-proxying)
2021-04-01 21:20:24.517  INFO 1 --- [           main] trationDelegate$BeanPostProcessorChecker : Bean 'org.springframework.transaction.annotation.ProxyTransactionManagementConfiguration' of type [org.springframework.transaction.annotation.ProxyTransactionManagementConfiguration$$EnhancerBySpringCGLIB$$66570e58] is not eligible for getting processed by all BeanPostProcessors (for example: not eligible for auto-proxying)
2021-04-01 21:20:24.750  INFO 1 --- [           main] trationDelegate$BeanPostProcessorChecker : Bean 'org.springframework.security.config.annotation.configuration.ObjectPostProcessorConfiguration' of type [org.springframework.security.config.annotation.configuration.ObjectPostProcessorConfiguration$$EnhancerBySpringCGLIB$$ff04d692] is not eligible for getting processed by all BeanPostProcessors (for example: not eligible for auto-proxying)
2021-04-01 21:20:24.762  INFO 1 --- [           main] trationDelegate$BeanPostProcessorChecker : Bean 'objectPostProcessor' of type [org.springframework.security.config.annotation.configuration.AutowireBeanFactoryObjectPostProcessor] is not eligible for getting processed by all BeanPostProcessors (for example: not eligible for auto-proxying)
2021-04-01 21:20:24.768  INFO 1 --- [           main] trationDelegate$BeanPostProcessorChecker : Bean 'org.springframework.security.access.expression.method.DefaultMethodSecurityExpressionHandler@5a4bef8' of type [org.springframework.security.access.expression.method.DefaultMethodSecurityExpressionHandler] is not eligible for getting processed by all BeanPostProcessors (for example: not eligible for auto-proxying)
2021-04-01 21:20:24.776  INFO 1 --- [           main] trationDelegate$BeanPostProcessorChecker : Bean 'org.springframework.security.config.annotation.method.configuration.GlobalMethodSecurityConfiguration' of type [org.springframework.security.config.annotation.method.configuration.GlobalMethodSecurityConfiguration$$EnhancerBySpringCGLIB$$23d97944] is not eligible for getting processed by all BeanPostProcessors (for example: not eligible for auto-proxying)
2021-04-01 21:20:24.790  INFO 1 --- [           main] trationDelegate$BeanPostProcessorChecker : Bean 'methodSecurityMetadataSource' of type [org.springframework.security.access.method.DelegatingMethodSecurityMetadataSource] is not eligible for getting processed by all BeanPostProcessors (for example: not eligible for auto-proxying)
2021-04-01 21:20:24.826  INFO 1 --- [           main] .s.b.c.m.PerformanceMetricsConfiguration : PerformanceMetricsConfiguration is initialized.
2021-04-01 21:20:24.827  INFO 1 --- [           main] trationDelegate$BeanPostProcessorChecker : Bean 'performanceMetricsConfiguration' of type [de.dlh.lhind.springboot.base.configuration.metrics.PerformanceMetricsConfiguration$$EnhancerBySpringCGLIB$$9944e769] is not eligible for getting processed by all BeanPostProcessors (for example: not eligible for auto-proxying)
2021-04-01 21:20:24.891  INFO 1 --- [           main] trationDelegate$BeanPostProcessorChecker : Bean 'com.ryantenney.metrics.spring.config.annotation.DelegatingMetricsConfiguration' of type [com.ryantenney.metrics.spring.config.annotation.DelegatingMetricsConfiguration$$EnhancerBySpringCGLIB$$da977af3] is not eligible for getting processed by all BeanPostProcessors (for example: not eligible for auto-proxying)
2021-04-01 21:20:24.918  INFO 1 --- [           main] .s.b.c.m.PerformanceMetricsConfiguration : Configuring JMX based performance metrics...
2021-04-01 21:20:24.930  INFO 1 --- [           main] trationDelegate$BeanPostProcessorChecker : Bean 'getMetricRegistry' of type [com.codahale.metrics.MetricRegistry] is not eligible for getting processed by all BeanPostProcessors (for example: not eligible for auto-proxying)
2021-04-01 21:20:25.008  INFO 1 --- [           main] trationDelegate$BeanPostProcessorChecker : Bean 'getHealthCheckRegistry' of type [com.codahale.metrics.health.HealthCheckRegistry] is not eligible for getting processed by all BeanPostProcessors (for example: not eligible for auto-proxying)
2021-04-01 21:20:25.067  INFO 1 --- [           main] trationDelegate$BeanPostProcessorChecker : Bean 'org.springframework.hateoas.config.HateoasConfiguration' of type [org.springframework.hateoas.config.HateoasConfiguration$$EnhancerBySpringCGLIB$$e5d75b8a] is not eligible for getting processed by all BeanPostProcessors (for example: not eligible for auto-proxying)
2021-04-01 21:20:25.094  INFO 1 --- [           main] d.d.l.s.b.c.tomcat.TomcatConfiguration   : TomcatConfiguration is initialized.
2021-04-01 21:20:25.107  INFO 1 --- [           main] d.d.l.s.b.c.tomcat.TomcatConfiguration   : server.tomcat.jvmroute: dev
2021-04-01 21:20:25.959  INFO 1 --- [           main] o.s.b.w.embedded.tomcat.TomcatWebServer  : Tomcat initialized with port(s): 8443 (https)
2021-04-01 21:20:26.046  INFO 1 --- [           main] o.apache.catalina.core.StandardService   : Starting service [Tomcat]
2021-04-01 21:20:26.047  INFO 1 --- [           main] org.apache.catalina.core.StandardEngine  : Starting Servlet engine: [Apache Tomcat/9.0.17]
2021-04-01 21:20:26.208  INFO 1 --- [           main] o.a.c.c.C.[Tomcat].[localhost].[/app]    : Initializing Spring embedded WebApplicationContext
2021-04-01 21:20:26.209  INFO 1 --- [           main] o.s.web.context.ContextLoader            : Root WebApplicationContext: initialization completed in 5599 ms
2021-04-01 21:20:26.219  INFO 1 --- [           main] d.d.l.s.b.c.w.WebConfigurationAdapter    : WebConfigurationAdapter is initalized.
2021-04-01 21:20:27.406  INFO 1 --- [           main] s.b.c.s.ApplicationSecurityConfiguration : ApplicationSecurityConfiguration is initialized.
2021-04-01 21:20:27.468  INFO 1 --- [           main] d.d.l.s.b.c.l.RequestLoggerConfiguration : RequestLoggerConfiguration is initialized.
2021-04-01 21:20:27.950  INFO 1 --- [           main] com.zaxxer.hikari.HikariDataSource       : HikariPool-1 - Starting...
2021-04-01 21:20:28.065  INFO 1 --- [           main] com.zaxxer.hikari.HikariDataSource       : HikariPool-1 - Start completed.