2021-03-18 21:34:03.580  INFO [bootstrap,,,] 7 --- [           main] s.c.a.AnnotationConfigApplicationContext : Refreshing org.springframework.context.annotation.AnnotationConfigApplicationContext@51521cc1: startup date [Thu Mar 18 21:34:03 GMT 2021]; root of context hierarchy
2021-03-18 21:34:04.209  INFO [bootstrap,,,] 7 --- [           main] trationDelegate$BeanPostProcessorChecker : Bean 'configurationPropertiesRebinderAutoConfiguration' of type [class org.springframework.cloud.autoconfigure.ConfigurationPropertiesRebinderAutoConfiguration$$EnhancerBySpringCGLIB$$b894f39] is not eligible for getting processed by all BeanPostProcessors (for example: not eligible for auto-proxying)

  .   ____          _            __ _ _
 /\\ / ___'_ __ _ _(_)_ __  __ _ \ \ \ \
( ( )\___ | '_ | '_| | '_ \/ _` | \ \ \ \
 \\/  ___)| |_)| | | | | || (_| |  ) ) ) )
  '  |____| .__|_| |_|_| |_\__, | / / / /
 =========|_|==============|___/=/_/_/_/
 :: Spring Boot ::        (v1.4.4.RELEASE)

2021-03-18 21:34:05.171  INFO [carts,,,] 7 --- [           main] works.weave.socks.cart.CartApplication   : No active profile set, falling back to default profiles: default
2021-03-18 21:34:05.211  INFO [carts,,,] 7 --- [           main] ationConfigEmbeddedWebApplicationContext : Refreshing org.springframework.boot.context.embedded.AnnotationConfigEmbeddedWebApplicationContext@28f67ac7: startup date [Thu Mar 18 21:34:05 GMT 2021]; parent: org.springframework.context.annotation.AnnotationConfigApplicationContext@51521cc1
2021-03-18 21:34:08.428  INFO [carts,,,] 7 --- [           main] o.s.b.f.s.DefaultListableBeanFactory     : Overriding bean definition for bean 'managementServletContext' with a different definition: replacing [Root bean: class [null]; scope=; abstract=false; lazyInit=false; autowireMode=3; dependencyCheck=0; autowireCandidate=true; primary=false; factoryBeanName=org.springframework.boot.actuate.autoconfigure.EndpointWebMvcHypermediaManagementContextConfiguration; factoryMethodName=managementServletContext; initMethodName=null; destroyMethodName=(inferred); defined in class path resource [org/springframework/boot/actuate/autoconfigure/EndpointWebMvcHypermediaManagementContextConfiguration.class]] with [Root bean: class [null]; scope=; abstract=false; lazyInit=false; autowireMode=3; dependencyCheck=0; autowireCandidate=true; primary=false; factoryBeanName=org.springframework.boot.actuate.autoconfigure.EndpointWebMvcAutoConfiguration; factoryMethodName=managementServletContext; initMethodName=null; destroyMethodName=(inferred); defined in class path resource [org/springframework/boot/actuate/autoconfigure/EndpointWebMvcAutoConfiguration.class]]
2021-03-18 21:34:08.903  WARN [carts,,,] 7 --- [           main] o.s.c.a.ConfigurationClassPostProcessor  : Cannot enhance @Configuration bean definition 'refreshScope' since its singleton instance has been created too early. The typical cause is a non-static @Bean method with a BeanDefinitionRegistryPostProcessor return type: Consider declaring such methods as 'static'.
2021-03-18 21:34:09.303  INFO [carts,,,] 7 --- [           main] o.s.cloud.context.scope.GenericScope     : BeanFactory id=063d23b5-fa4f-330e-8afb-cdf6f03b608e
2021-03-18 21:34:09.783  INFO [carts,,,] 7 --- [           main] trationDelegate$BeanPostProcessorChecker : Bean 'org.springframework.cloud.sleuth.instrument.async.AsyncDefaultAutoConfiguration$DefaultAsyncConfigurerSupport' of type [class org.springframework.cloud.sleuth.instrument.async.AsyncDefaultAutoConfiguration$DefaultAsyncConfigurerSupport$$EnhancerBySpringCGLIB$$2cb0e9ff] is not eligible for getting processed by all BeanPostProcessors (for example: not eligible for auto-proxying)
2021-03-18 21:34:10.702  INFO [carts,,,] 7 --- [           main] trationDelegate$BeanPostProcessorChecker : Bean 'org.springframework.cloud.autoconfigure.ConfigurationPropertiesRebinderAutoConfiguration' of type [class org.springframework.cloud.autoconfigure.ConfigurationPropertiesRebinderAutoConfiguration$$EnhancerBySpringCGLIB$$b894f39] is not eligible for getting processed by all BeanPostProcessors (for example: not eligible for auto-proxying)
2021-03-18 21:34:10.869  INFO [carts,,,] 7 --- [           main] trationDelegate$BeanPostProcessorChecker : Bean 'org.springframework.cloud.sleuth.instrument.web.TraceWebAutoConfiguration' of type [class org.springframework.cloud.sleuth.instrument.web.TraceWebAutoConfiguration$$EnhancerBySpringCGLIB$$ecb4cb09] is not eligible for getting processed by all BeanPostProcessors (for example: not eligible for auto-proxying)
2021-03-18 21:34:12.031  INFO [carts,,,] 7 --- [           main] s.b.c.e.t.TomcatEmbeddedServletContainer : Tomcat initialized with port(s): 80 (http)
2021-03-18 21:34:12.063  INFO [carts,,,] 7 --- [           main] o.apache.catalina.core.StandardService   : Starting service Tomcat
2021-03-18 21:34:12.065  INFO [carts,,,] 7 --- [           main] org.apache.catalina.core.StandardEngine  : Starting Servlet Engine: Apache Tomcat/8.5.11
2021-03-18 21:34:12.376  INFO [carts,,,] 7 --- [ost-startStop-1] o.a.c.c.C.[Tomcat].[localhost].[/]       : Initializing Spring embedded WebApplicationContext
2021-03-18 21:34:12.376  INFO [carts,,,] 7 --- [ost-startStop-1] o.s.web.context.ContextLoader            : Root WebApplicationContext: initialization completed in 7165 ms