2021-06-09 14:04:46 6 [Warning] Failed to load slave replication state from table mysql.gtid_slave_pos: 1017: Can't find file: './mysql/' (errno: 2 "No such file or directory")
210609 14:04:53 mysqld_safe Starting mysqld daemon with databases from /var/lib/mysql/
2021-06-09 14:04:53 0 [Note] /usr/sbin/mysqld (mysqld 10.3.29-MariaDB-1:10.3.29+maria~focal-log) starting as process 276 ...
2021-06-09 14:04:53 0 [Note] InnoDB: Using Linux native AIO
2021-06-09 14:04:53 0 [Note] InnoDB: Mutexes and rw_locks use GCC atomic builtins
2021-06-09 14:04:53 0 [Note] InnoDB: Uses event mutexes
2021-06-09 14:04:53 0 [Note] InnoDB: Compressed tables use zlib 1.2.11
2021-06-09 14:04:53 0 [Note] InnoDB: Number of pools: 1
2021-06-09 14:04:53 0 [Note] InnoDB: Using SSE2 crc32 instructions
2021-06-09 14:04:53 0 [Note] InnoDB: Initializing buffer pool, total size = 7G, instances = 8, chunk size = 128M
2021-06-09 14:04:53 0 [Note] InnoDB: Completed initialization of buffer pool
2021-06-09 14:04:53 0 [Note] InnoDB: If the mysqld execution user is authorized, page cleaner thread priority can be changed. See the man page of setpriority().
2021-06-09 14:04:54 0 [Note] InnoDB: 128 out of 128 rollback segments are active.
2021-06-09 14:04:54 0 [Note] InnoDB: Creating shared tablespace for temporary tables
2021-06-09 14:04:54 0 [Note] InnoDB: Setting file './ibtmp1' size to 12 MB. Physically writing the file full; Please wait ...
2021-06-09 14:04:54 0 [Note] InnoDB: File './ibtmp1' size is now 12 MB.
2021-06-09 14:04:54 0 [Note] InnoDB: 10.3.29 started; log sequence number 1625595; transaction id 20
2021-06-09 14:04:54 0 [Note] InnoDB: Loading buffer pool(s) from /var/lib/mysql/ib_buffer_pool
2021-06-09 14:04:54 0 [Note] Plugin 'FEEDBACK' is disabled.
2021-06-09 14:04:54 0 [Note] InnoDB: Buffer pool(s) load completed at 210609 14:04:54
2021-06-09 14:04:54 0 [Note] Reading of all Master_info entries succeeded
2021-06-09 14:04:54 0 [Note] Added new Master_info '' to hash table
2021-06-09 14:04:54 0 [Note] /usr/sbin/mysqld: ready for connections.
Version: '10.3.29-MariaDB-1:10.3.29+maria~focal-log'  socket: '/var/run/mysqld/mysqld.sock'  port: 0  mariadb.org binary distribution
2021-06-09 14:04:54 0 [Note] /usr/sbin/mysqld (initiated by: root[root] @ localhost []): Normal shutdown
2021-06-09 14:04:54 0 [Note] Event Scheduler: Purging the queue. 0 events
2021-06-09 14:04:54 0 [Note] InnoDB: FTS optimize thread exiting.
2021-06-09 14:04:54 0 [Note] InnoDB: Starting shutdown...
2021-06-09 14:04:54 0 [Note] InnoDB: Dumping buffer pool(s) to /var/lib/mysql/ib_buffer_pool
2021-06-09 14:04:54 0 [Note] InnoDB: Buffer pool(s) dump completed at 210609 14:04:54
2021-06-09 14:04:56 0 [Note] InnoDB: Removed temporary tablespace data file: "ibtmp1"
2021-06-09 14:04:56 0 [Note] InnoDB: Shutdown completed; log sequence number 1625620; transaction id 23
2021-06-09 14:04:56 0 [Note] /usr/sbin/mysqld: Shutdown complete

210609 14:04:56 mysqld_safe mysqld from pid file /var/lib/mysql/mariadb.pid ended