{"type":"log","@timestamp":"2021-09-07T21:21:43Z","tags":["info","plugins-service"],"pid":8,"message":"Plugin \"visTypeXy\" is disabled."}
{"type":"log","@timestamp":"2021-09-07T21:21:43Z","tags":["info","plugins-service"],"pid":8,"message":"Plugin \"auditTrail\" is disabled."}
{"type":"log","@timestamp":"2021-09-07T21:21:43Z","tags":["warning","config","deprecation"],"pid":8,"message":"Config key [monitoring.cluster_alerts.email_notifications.email_address] will be required for email notifications to work in 8.0.\""}
{"type":"log","@timestamp":"2021-09-07T21:21:44Z","tags":["info","plugins-system"],"pid":8,"message":"Setting up [96] plugins: [taskManager,licensing,globalSearch,globalSearchProviders,code,usageCollection,xpackLegacy,telemetryCollectionManager,telemetry,telemetryCollectionXpack,kibanaUsageCollection,securityOss,newsfeed,mapsLegacy,kibanaLegacy,translations,share,legacyExport,embeddable,uiActionsEnhanced,expressions,data,home,observability,cloud,console,consoleExtensions,apmOss,searchprofiler,painlessLab,grokdebugger,management,indexPatternManagement,advancedSettings,fileUpload,savedObjects,dashboard,visualizations,visTypeVega,regionMap,visTypeTimelion,timelion,features,upgradeAssistant,security,snapshotRestore,dashboardMode,enterpriseSearch,encryptedSavedObjects,ingestManager,indexManagement,remoteClusters,crossClusterReplication,indexLifecycleManagement,beatsManagement,transform,ingestPipelines,maps,licenseManagement,graph,dataEnhanced,visTypeTable,visTypeMarkdown,tileMap,inputControlVis,visualize,esUiShared,charts,lens,visTypeMetric,visTypeVislib,visTypeTimeseries,rollup,visTypeTagcloud,watcher,discover,discoverEnhanced,savedObjectsManagement,spaces,reporting,lists,eventLog,actions,case,alerts,stackAlerts,triggersActionsUi,ml,securitySolution,infra,monitoring,logstash,apm,uptime,bfetch,canvas]"}
{"type":"log","@timestamp":"2021-09-07T21:21:44Z","tags":["warning","plugins","security","config"],"pid":8,"message":"Generating a random key for xpack.security.encryptionKey. To prevent sessions from being invalidated on restart, please set xpack.security.encryptionKey in kibana.yml"}
{"type":"log","@timestamp":"2021-09-07T21:21:44Z","tags":["warning","plugins","security","config"],"pid":8,"message":"Session cookies will be transmitted over insecure connections. This is not recommended."}
{"type":"log","@timestamp":"2021-09-07T21:21:44Z","tags":["warning","plugins","encryptedSavedObjects","config"],"pid":8,"message":"Generating a random key for xpack.encryptedSavedObjects.encryptionKey. To be able to decrypt encrypted saved objects attributes after restart, please set xpack.encryptedSavedObjects.encryptionKey in kibana.yml"}
{"type":"log","@timestamp":"2021-09-07T21:21:44Z","tags":["warning","plugins","ingestManager"],"pid":8,"message":"Fleet APIs are disabled due to the Encrypted Saved Objects plugin using an ephemeral encryption key. Please set xpack.encryptedSavedObjects.encryptionKey in kibana.yml."}
{"type":"log","@timestamp":"2021-09-07T21:21:44Z","tags":["warning","plugins","reporting","config"],"pid":8,"message":"Generating a random key for xpack.reporting.encryptionKey. To prevent sessions from being invalidated on restart, please set xpack.reporting.encryptionKey in kibana.yml"}
{"type":"log","@timestamp":"2021-09-07T21:21:44Z","tags":["warning","plugins","reporting","config"],"pid":8,"message":"Chromium sandbox provides an additional layer of protection, but is not supported for Linux CentOS 8.2.2004 OS. Automatically setting 'xpack.reporting.capture.browser.chromium.disableSandbox: true'."}
{"type":"log","@timestamp":"2021-09-07T21:21:44Z","tags":["warning","plugins","actions","actions"],"pid":8,"message":"APIs are disabled due to the Encrypted Saved Objects plugin using an ephemeral encryption key. Please set xpack.encryptedSavedObjects.encryptionKey in kibana.yml."}
{"type":"log","@timestamp":"2021-09-07T21:21:44Z","tags":["warning","plugins","alerts","plugins","alerting"],"pid":8,"message":"APIs are disabled due to the Encrypted Saved Objects plugin using an ephemeral encryption key. Please set xpack.encryptedSavedObjects.encryptionKey in kibana.yml."}
{"type":"log","@timestamp":"2021-09-07T21:21:44Z","tags":["info","plugins","monitoring","monitoring"],"pid":8,"message":"config sourced from: production cluster"}
{"type":"log","@timestamp":"2021-09-07T21:21:44Z","tags":["info","savedobjects-service"],"pid":8,"message":"Waiting until all Elasticsearch nodes are compatible with Kibana before starting saved objects migrations..."}
{"type":"log","@timestamp":"2021-09-07T21:21:44Z","tags":["error","elasticsearch","monitoring"],"pid":8,"message":"Request error, retrying\nGET http://elasticsearch:9200/_xpack => connect ECONNREFUSED 172.18.0.3:9200"}
{"type":"log","@timestamp":"2021-09-07T21:21:44Z","tags":["warning","elasticsearch","monitoring"],"pid":8,"message":"Unable to revive connection: http://elasticsearch:9200/"}
{"type":"log","@timestamp":"2021-09-07T21:21:44Z","tags":["warning","elasticsearch","monitoring"],"pid":8,"message":"No living connections"}
{"type":"log","@timestamp":"2021-09-07T21:21:44Z","tags":["warning","plugins","licensing"],"pid":8,"message":"License information could not be obtained from Elasticsearch due to Error: No Living connections error"}
{"type":"log","@timestamp":"2021-09-07T21:21:44Z","tags":["warning","plugins","monitoring","monitoring"],"pid":8,"message":"X-Pack Monitoring Cluster Alerts will not be available: No Living connections"}
{"type":"log","@timestamp":"2021-09-07T21:21:44Z","tags":["error","elasticsearch","data"],"pid":8,"message":"[ConnectionError]: connect ECONNREFUSED 172.18.0.3:9200"}
{"type":"log","@timestamp":"2021-09-07T21:21:45Z","tags":["error","savedobjects-service"],"pid":8,"message":"Unable to retrieve version information from Elasticsearch nodes."}
